#
# A fatal error has been detected by the Java Runtime Environment:
#
#  SIGSEGV (0xb) at pc=0x00007f43f166377e, pid=51186, tid=51213
#
# JRE version: OpenJDK Runtime Environment (11.0.8+10) (build 11.0.8+10-post-Ubuntu-0ubuntu120.04)
# Java VM: OpenJDK 64-Bit Server VM (11.0.8+10-post-Ubuntu-0ubuntu120.04, mixed mode, sharing, tiered, compressed oops, g1 gc, linux-amd64)
# Problematic frame:
# V  [libjvm.so+0x73977e]
#
# Core dump will be written. Default location: Core dumps may be processed with "/usr/share/apport/apport %p %s %c %d %P %E" (or dumping to /home/programador/wesleyxavier/git/lanchonete/core.51186)
#
# If you would like to submit a bug report, please visit:
#   https://bugs.launchpad.net/ubuntu/+source/openjdk-lts
#

---------------  S U M M A R Y ------------

Command Line: -agentlib:jdwp=transport=dt_socket,server=n,suspend=y,address=localhost:33845 -Dfile.encoding=UTF-8 com.lanchonete.LanchoneteApplication

Host: Intel(R) Core(TM) i3-4160 CPU @ 3.60GHz, 4 cores, 11G, Ubuntu 20.04.1 LTS
Time: Mon Jul 27 09:56:06 2020 -03 elapsed time: 660 seconds (0d 0h 11m 0s)

---------------  T H R E A D  ---------------

Current thread (0x00007f43b4002800):  GCTaskThread "GC Thread#2" [stack: 0x00007f43c15f5000,0x00007f43c16f5000] [id=51213]

Stack: [0x00007f43c15f5000,0x00007f43c16f5000],  sp=0x00007f43c16f3ca0,  free space=1019k
Native frames: (J=compiled Java code, A=aot compiled Java code, j=interpreted, Vv=VM code, C=native code)
V  [libjvm.so+0x73977e]
V  [libjvm.so+0x738db9]
V  [libjvm.so+0xdba84d]
V  [libjvm.so+0xd1f430]
V  [libjvm.so+0xb8f706]


siginfo: si_signo: 11 (SIGSEGV), si_code: 1 (SEGV_MAPERR), si_addr: 0x00007f47ec254b28

Register to memory mapping:

RAX=0x000000007f43d491 is an unknown value
RBX=0x00007f43f206b82c: <offset 0x000000000114182c> in /usr/lib/jvm/java-11-openjdk-amd64/lib/server/libjvm.so at 0x00007f43f0f2a000
RCX=0x00007f43f206a6a0: <offset 0x00000000011406a0> in /usr/lib/jvm/java-11-openjdk-amd64/lib/server/libjvm.so at 0x00007f43f0f2a000
RDX=0x0000000800000008 is pointing into metadata
RSP=0x00007f43c16f3ca0 points into unknown readable memory: 01 24 01 58 43 7f 00 00
RBP=0x00007f43c16f3d50 points into unknown readable memory: 00 3e 6f c1 43 7f 00 00
RSI=0x00000007478ef760 points into unknown readable memory: 74 55 74 69 6c 00 00 00
RDI=0x00007f43b49c9378 points into unknown readable memory: 68 d9 f6 f1 43 7f 00 00
R8 =0x000000080039fe28 is pointing into metadata
R9 =0x0002000000000000 is an unknown value
R10=0x00007f43700008d0 points into unknown readable memory: 06 00 07 00 06 00 00 00
R11=0x0000000000000001 is an unknown value
R12=0x00000007478ef760 points into unknown readable memory: 74 55 74 69 6c 00 00 00
R13=0x0 is NULL
R14=0x0000000000000046 is an unknown value
R15=0x00007f43b49c92a0 points into unknown readable memory: 01 00 00 00 43 7f 00 00


Registers:
RAX=0x000000007f43d491, RBX=0x00007f43f206b82c, RCX=0x00007f43f206a6a0, RDX=0x0000000800000008
RSP=0x00007f43c16f3ca0, RBP=0x00007f43c16f3d50, RSI=0x00000007478ef760, RDI=0x00007f43b49c9378
R8 =0x000000080039fe28, R9 =0x0002000000000000, R10=0x00007f43700008d0, R11=0x0000000000000001
R12=0x00000007478ef760, R13=0x0000000000000000, R14=0x0000000000000046, R15=0x00007f43b49c92a0
RIP=0x00007f43f166377e, EFLAGS=0x0000000000010a83, CSGSFS=0x002b000000000033, ERR=0x0000000000000004
  TRAPNO=0x000000000000000e

Top of Stack: (sp=0x00007f43c16f3ca0)
0x00007f43c16f3ca0:   00007f4358012401 00007f43c8c443c8
0x00007f43c16f3cb0:   00007f43c8c44860 00007f43c8c44848
0x00007f43c16f3cc0:   000000074817c308 0000000000000046
0x00007f43c16f3cd0:   00007f43b49c92b8 00007f43f206b82c 

Instructions: (pc=0x00007f43f166377e)
0x00007f43f166367e:   25 ff ff 01 00 3d fd ff 01 00 0f 86 ca 0d 00 00
0x00007f43f166368e:   3d ff ff 01 00 0f 84 5f 13 00 00 49 8b 47 48 49
0x00007f43f166369e:   3b 47 30 0f 84 19 14 00 00 49 8b 57 60 49 83 c4
0x00007f43f16636ae:   04 48 89 1c c2 49 83 47 48 01 4d 39 e5 0f 87 ac
0x00007f43f16636be:   fe ff ff 0f 1f 80 00 00 00 00 4d 89 f7 44 8b 85
0x00007f43f16636ce:   7c ff ff ff 4c 8b ad 70 ff ff ff 44 8b b5 78 ff
0x00007f43f16636de:   ff ff 48 8d 05 f9 7d a0 00 80 38 00 0f 85 c0 06
0x00007f43f16636ee:   00 00 41 8b 57 18 41 8b 47 10 49 8b 7f 60 29 d0
0x00007f43f16636fe:   25 ff ff 01 00 74 0b 3d ff ff 01 00 0f 85 c4 fc
0x00007f43f166370e:   ff ff 48 85 ff 0f 84 1f 01 00 00 49 8b 47 48 48
0x00007f43f166371e:   83 f8 01 0f 84 71 08 00 00 48 83 e8 01 49 89 47
0x00007f43f166372e:   48 4c 8b 24 c7 4c 89 65 98 48 8d 1d ee 80 a0 00
0x00007f43f166373e:   80 3b 00 0f 84 e9 03 00 00 48 8d 05 c2 b7 9d 00
0x00007f43f166374e:   41 8b 54 24 08 8b 48 08 48 d3 e2 48 03 10 81 7a
0x00007f43f166375e:   08 00 00 00 c0 0f 8c d9 03 00 00 48 63 42 0c 48
0x00007f43f166376e:   8d 0d 2c 6f a0 00 49 8d bf d8 00 00 00 4c 89 e6
0x00007f43f166377e:   ff 14 c1 48 8d 05 58 7d a0 00 80 38 00 0f 84 3f
0x00007f43f166378e:   fc ff ff 80 3b 00 0f 84 56 0c 00 00 48 8d 05 6f
0x00007f43f166379e:   b7 9d 00 8b 48 08 48 8b 30 41 8b 44 24 08 48 d3
0x00007f43f16637ae:   e0 48 01 f0 44 8b 50 08 45 85 d2 7e 14 0f b7 80
0x00007f43f16637be:   3a 01 00 00 83 e0 03 66 83 f8 01 0f 84 01 fc ff
0x00007f43f16637ce:   ff 4d 89 a7 18 01 00 00 41 8b 54 24 08 49 8d bf
0x00007f43f16637de:   f8 00 00 00 48 d3 e2 48 01 f2 48 63 4a 0c 48 8d
0x00007f43f16637ee:   05 6d 6e a0 00 4c 89 e6 ff 14 c8 41 80 bf 10 01
0x00007f43f16637fe:   00 00 00 0f 84 c9 fb ff ff 48 83 3d f9 48 a0 00
0x00007f43f166380e:   00 0f 84 bb fb ff ff 41 8b b7 24 01 00 00 48 8d
0x00007f43f166381e:   3d 87 91 70 00 31 c0 e8 d6 e4 fb ff 49 8b 7f 60
0x00007f43f166382e:   e9 a1 fb ff ff 0f 1f 44 00 00 41 8b 57 78 41 8b
0x00007f43f166383e:   47 70 29 d0 25 ff ff 01 00 3d ff ff 01 00 74 08
0x00007f43f166384e:   85 c0 0f 85 8f fb ff ff 49 83 bf c0 00 00 00 00
0x00007f43f166385e:   0f 85 81 fb ff ff 48 8b bd 60 ff ff ff 41 8b 1f
0x00007f43f166386e:   48 c7 45 a0 00 00 00 00 c7 45 a8 00 00 00 00 8b 


Stack slot to memory mapping:
stack at sp + 0 slots: 0x00007f4358012401 points into unknown readable memory: 03 00 00 00 00 00 00
stack at sp + 1 slots: 0x00007f43c8c443c8 points into unknown readable memory: a8 4a f7 f1 43 7f 00 00
stack at sp + 2 slots: 0x00007f43c8c44860 points into unknown readable memory: 50 d9 f6 f1 43 7f 00 00
stack at sp + 3 slots: 0x00007f43c8c44848 points into unknown readable memory: 38 d9 f6 f1 43 7f 00 00
stack at sp + 4 slots: 0x000000074817c308 is an oop: [Ljava.lang.reflect.Method; 
{0x000000074817c308} - klass: 'java/lang/reflect/Method'[]
 - length: 70
stack at sp + 5 slots: 0x0000000000000046 is an unknown value
stack at sp + 6 slots: 0x00007f43b49c92b8 points into unknown readable memory: 38 00 00 00 a3 04 00 00
stack at sp + 7 slots: 0x00007f43f206b82c: <offset 0x000000000114182c> in /usr/lib/jvm/java-11-openjdk-amd64/lib/server/libjvm.so at 0x00007f43f0f2a000


---------------  P R O C E S S  ---------------

Threads class SMR info:
_java_thread_list=0x00007f435800a540, length=16, elements={
0x00007f43ec165000, 0x00007f43ec167000, 0x00007f43ec16c800, 0x00007f43ec16e800,
0x00007f43ec170800, 0x00007f43ec172800, 0x00007f43ec1b7800, 0x00007f43ec1bb000,
0x00007f4390001800, 0x00007f43ec1bc800, 0x00007f43ec1c3000, 0x00007f436c386000,
0x00007f43ec018800, 0x00007f4368007000, 0x00007f435408e800, 0x00007f436ddb0000
}

Java Threads: ( => current thread )
  0x00007f43ec165000 JavaThread "Reference Handler" daemon [_thread_blocked, id=51194, stack(0x00007f43c8a43000,0x00007f43c8b44000)]
  0x00007f43ec167000 JavaThread "Finalizer" daemon [_thread_blocked, id=51195, stack(0x00007f43c8942000,0x00007f43c8a43000)]
  0x00007f43ec16c800 JavaThread "Signal Dispatcher" daemon [_thread_blocked, id=51196, stack(0x00007f43c82d0000,0x00007f43c83d1000)]
  0x00007f43ec16e800 JavaThread "C2 CompilerThread0" daemon [_thread_blocked, id=51197, stack(0x00007f43c81cf000,0x00007f43c82d0000)]
  0x00007f43ec170800 JavaThread "C1 CompilerThread0" daemon [_thread_blocked, id=51198, stack(0x00007f43c80ce000,0x00007f43c81cf000)]
  0x00007f43ec172800 JavaThread "Sweeper thread" daemon [_thread_blocked, id=51199, stack(0x00007f43c1eff000,0x00007f43c2000000)]
  0x00007f43ec1b7800 JavaThread "JDWP Transport Listener: dt_socket" daemon [_thread_blocked, id=51201, stack(0x00007f43c1dfe000,0x00007f43c1eff000)]
  0x00007f43ec1bb000 JavaThread "JDWP Event Helper Thread" daemon [_thread_blocked, id=51203, stack(0x00007f43c1cfd000,0x00007f43c1dfe000)]
  0x00007f4390001800 JavaThread "JDWP Command Reader" daemon [_thread_in_native, id=51204, stack(0x00007f43c1bfc000,0x00007f43c1cfd000)]
  0x00007f43ec1bc800 JavaThread "Service Thread" daemon [_thread_blocked, id=51208, stack(0x00007f43c1afb000,0x00007f43c1bfc000)]
  0x00007f43ec1c3000 JavaThread "Common-Cleaner" daemon [_thread_blocked, id=51210, stack(0x00007f43c18f8000,0x00007f43c19f9000)]
  0x00007f436c386000 JavaThread "Live Reload Server" daemon [_thread_in_native, id=51401, stack(0x00007f435e528000,0x00007f435e629000)]
  0x00007f43ec018800 JavaThread "DestroyJavaVM" [_thread_blocked, id=51187, stack(0x00007f43f0ade000,0x00007f43f0bdf000)]
  0x00007f4368007000 JavaThread "File Watcher" daemon [_thread_blocked, id=52012, stack(0x00007f435d742000,0x00007f435d843000)]
  0x00007f435408e800 JavaThread "http-nio-8080-Acceptor" daemon [_thread_blocked, id=53952, stack(0x00007f435e027000,0x00007f435e128000)]
  0x00007f436ddb0000 JavaThread "Thread-1631" [_thread_blocked, id=54104, stack(0x00007f435f52a000,0x00007f435f62b000)]

Other Threads:
  0x00007f43ec162000 VMThread "VM Thread" [stack: 0x00007f43c8b46000,0x00007f43c8c46000] [id=51193]
  0x00007f43ec1bf000 WatcherThread [stack: 0x00007f43c19fb000,0x00007f43c1afb000] [id=51209]
  0x00007f43ec030000 GCTaskThread "GC Thread#0" [stack: 0x00007f43f0753000,0x00007f43f0853000] [id=51188]
  0x00007f43b4001000 GCTaskThread "GC Thread#1" [stack: 0x00007f43c16f7000,0x00007f43c17f7000] [id=51212]
=>0x00007f43b4002800 GCTaskThread "GC Thread#2" [stack: 0x00007f43c15f5000,0x00007f43c16f5000] [id=51213]
  0x00007f43b4004800 GCTaskThread "GC Thread#3" [stack: 0x00007f43c14f3000,0x00007f43c15f3000] [id=51214]
  0x00007f43ec077800 ConcurrentGCThread "G1 Main Marker" [stack: 0x00007f43f01ea000,0x00007f43f02ea000] [id=51189]
  0x00007f43ec079800 ConcurrentGCThread "G1 Conc#0" [stack: 0x00007f43f00e8000,0x00007f43f01e8000] [id=51190]
  0x00007f43ec12a000 ConcurrentGCThread "G1 Refine#0" [stack: 0x00007f43c95cb000,0x00007f43c96cb000] [id=51191]
  0x00007f43ec12c000 ConcurrentGCThread "G1 Young RemSet Sampling" [stack: 0x00007f43c94c9000,0x00007f43c95c9000] [id=51192]

Threads with active compile tasks:

VM state:at safepoint (normal execution)

VM Mutex/Monitor currently owned by a thread:  ([mutex/lock_event])
[0x00007f43ec0151e0] Threads_lock - owner thread: 0x00007f43ec162000
[0x00007f43ec0159c0] Heap_lock - owner thread: 0x00007f436ddb0000

Heap address: 0x0000000746c00000, size: 2964 MB, Compressed Oops mode: Zero based, Oop shift amount: 3
Narrow klass base: 0x0000000800000000, Narrow klass shift: 3
Compressed class space size: 1073741824 Address: 0x0000000840000000

Heap:
 garbage-first heap   total 86016K, used 62796K [0x0000000746c00000, 0x0000000800000000)
  region size 1024K, 32 young (32768K), 4 survivors (4096K)
 Metaspace       used 77086K, capacity 79641K, committed 79900K, reserved 1120256K
  class space    used 9185K, capacity 9979K, committed 10092K, reserved 1048576K
Heap Regions: E=young(eden), S=young(survivor), O=old, HS=humongous(starts), HC=humongous(continues), CS=collection set, F=free, A=archive, TAMS=top-at-mark-start (previous, next)
|   0|0x0000000746c00000, 0x0000000746d00000, 0x0000000746d00000|100%|HS|  |TAMS 0x0000000746c00000, 0x0000000746c00000| Untracked 
|   1|0x0000000746d00000, 0x0000000746e00000, 0x0000000746e00000|100%| O|  |TAMS 0x0000000746d00000, 0x0000000746d00000| Untracked 
|   2|0x0000000746e00000, 0x0000000746effd68, 0x0000000746f00000| 99%| O|  |TAMS 0x0000000746e00000, 0x0000000746e00000| Untracked 
|   3|0x0000000746f00000, 0x0000000746fffff8, 0x0000000747000000| 99%| O|  |TAMS 0x0000000746f00000, 0x0000000746f00000| Untracked 
|   4|0x0000000747000000, 0x00000007470ffff8, 0x0000000747100000| 99%| O|  |TAMS 0x0000000747000000, 0x0000000747000000| Untracked 
|   5|0x0000000747100000, 0x0000000747200000, 0x0000000747200000|100%| O|  |TAMS 0x0000000747100000, 0x0000000747100000| Untracked 
|   6|0x0000000747200000, 0x0000000747300000, 0x0000000747300000|100%| O|  |TAMS 0x0000000747200000, 0x0000000747200000| Untracked 
|   7|0x0000000747300000, 0x00000007473fffe0, 0x0000000747400000| 99%| O|  |TAMS 0x0000000747300000, 0x0000000747300000| Untracked 
|   8|0x0000000747400000, 0x0000000747500000, 0x0000000747500000|100%| O|  |TAMS 0x0000000747400000, 0x0000000747400000| Untracked 
|   9|0x0000000747500000, 0x00000007475ffff8, 0x0000000747600000| 99%| O|  |TAMS 0x0000000747500000, 0x0000000747500000| Untracked 
|  10|0x0000000747600000, 0x00000007476fffb0, 0x0000000747700000| 99%| O|  |TAMS 0x0000000747600000, 0x0000000747600000| Untracked 
|  11|0x0000000747700000, 0x00000007477fffb8, 0x0000000747800000| 99%| O|  |TAMS 0x0000000747700000, 0x0000000747700000| Untracked 
|  12|0x0000000747800000, 0x00000007478fffe8, 0x0000000747900000| 99%| O|  |TAMS 0x0000000747800000, 0x0000000747800000| Untracked 
|  13|0x0000000747900000, 0x00000007479fffd0, 0x0000000747a00000| 99%| O|  |TAMS 0x0000000747900000, 0x0000000747900000| Untracked 
|  14|0x0000000747a00000, 0x0000000747afffb0, 0x0000000747b00000| 99%| O|  |TAMS 0x0000000747a00000, 0x0000000747a00000| Untracked 
|  15|0x0000000747b00000, 0x0000000747bfffe8, 0x0000000747c00000| 99%| O|  |TAMS 0x0000000747b00000, 0x0000000747b00000| Untracked 
|  16|0x0000000747c00000, 0x0000000747cfffe8, 0x0000000747d00000| 99%| O|  |TAMS 0x0000000747c00000, 0x0000000747c00000| Untracked 
|  17|0x0000000747d00000, 0x0000000747dff8d0, 0x0000000747e00000| 99%| O|  |TAMS 0x0000000747d00000, 0x0000000747d00000| Untracked 
|  18|0x0000000747e00000, 0x0000000747efffc8, 0x0000000747f00000| 99%| O|  |TAMS 0x0000000747e00000, 0x0000000747e00000| Untracked 
|  19|0x0000000747f00000, 0x0000000747fffff8, 0x0000000748000000| 99%| O|  |TAMS 0x0000000747f00000, 0x0000000747f00000| Untracked 
|  20|0x0000000748000000, 0x0000000748100000, 0x0000000748100000|100%| O|  |TAMS 0x0000000748000000, 0x0000000748000000| Untracked 
|  21|0x0000000748100000, 0x00000007481ffff0, 0x0000000748200000| 99%| O|  |TAMS 0x0000000748100000, 0x0000000748100000| Untracked 
|  22|0x0000000748200000, 0x00000007482fffe8, 0x0000000748300000| 99%| O|  |TAMS 0x0000000748200000, 0x0000000748200000| Untracked 
|  23|0x0000000748300000, 0x00000007483f6cb0, 0x0000000748400000| 96%| O|  |TAMS 0x0000000748300000, 0x0000000748300000| Untracked 
|  24|0x0000000748400000, 0x0000000748476460, 0x0000000748500000| 46%| O|  |TAMS 0x0000000748400000, 0x0000000748400000| Untracked 
|  25|0x0000000748500000, 0x0000000748600000, 0x0000000748600000|100%| O|  |TAMS 0x0000000748500000, 0x0000000748500000| Untracked 
|  26|0x0000000748600000, 0x0000000748700000, 0x0000000748700000|100%| O|  |TAMS 0x0000000748600000, 0x0000000748600000| Untracked 
|  27|0x0000000748700000, 0x000000074876f810, 0x0000000748800000| 43%| O|  |TAMS 0x0000000748700000, 0x0000000748700000| Untracked 
|  28|0x0000000748800000, 0x0000000748900000, 0x0000000748900000|100%| O|  |TAMS 0x0000000748800000, 0x0000000748800000| Untracked 
|  29|0x0000000748900000, 0x0000000748a00000, 0x0000000748a00000|100%| O|  |TAMS 0x0000000748900000, 0x0000000748900000| Untracked 
|  30|0x0000000748a00000, 0x0000000748abd000, 0x0000000748b00000| 73%| O|  |TAMS 0x0000000748a00000, 0x0000000748a00000| Untracked 
|  31|0x0000000748b00000, 0x0000000748b00000, 0x0000000748c00000|  0%| F|  |TAMS 0x0000000748b00000, 0x0000000748b00000| Untracked 
|  32|0x0000000748c00000, 0x0000000748c00000, 0x0000000748d00000|  0%| F|  |TAMS 0x0000000748c00000, 0x0000000748c00000| Untracked 
|  33|0x0000000748d00000, 0x0000000748d00000, 0x0000000748e00000|  0%| F|  |TAMS 0x0000000748d00000, 0x0000000748d00000| Untracked 
|  34|0x0000000748e00000, 0x0000000748e00000, 0x0000000748f00000|  0%| F|  |TAMS 0x0000000748e00000, 0x0000000748e00000| Untracked 
|  35|0x0000000748f00000, 0x0000000748f00000, 0x0000000749000000|  0%| F|  |TAMS 0x0000000748f00000, 0x0000000748f00000| Untracked 
|  36|0x0000000749000000, 0x0000000749000000, 0x0000000749100000|  0%| F|  |TAMS 0x0000000749000000, 0x0000000749000000| Untracked 
|  37|0x0000000749100000, 0x0000000749100000, 0x0000000749200000|  0%| F|  |TAMS 0x0000000749100000, 0x0000000749100000| Untracked 
|  38|0x0000000749200000, 0x0000000749200000, 0x0000000749300000|  0%| F|  |TAMS 0x0000000749200000, 0x0000000749200000| Untracked 
|  39|0x0000000749300000, 0x0000000749300000, 0x0000000749400000|  0%| F|  |TAMS 0x0000000749300000, 0x0000000749300000| Untracked 
|  40|0x0000000749400000, 0x0000000749400000, 0x0000000749500000|  0%| F|  |TAMS 0x0000000749400000, 0x0000000749400000| Untracked 
|  41|0x0000000749500000, 0x0000000749500000, 0x0000000749600000|  0%| F|  |TAMS 0x0000000749500000, 0x0000000749500000| Untracked 
|  42|0x0000000749600000, 0x0000000749627658, 0x0000000749700000| 15%| S|  |TAMS 0x0000000749600000, 0x0000000749600000| Complete 
|  43|0x0000000749700000, 0x0000000749700000, 0x0000000749800000|  0%| F|  |TAMS 0x0000000749700000, 0x0000000749700000| Untracked 
|  44|0x0000000749800000, 0x0000000749800000, 0x0000000749900000|  0%| F|  |TAMS 0x0000000749800000, 0x0000000749800000| Untracked 
|  45|0x0000000749900000, 0x0000000749a00000, 0x0000000749a00000|100%| S|  |TAMS 0x0000000749900000, 0x0000000749900000| Complete 
|  46|0x0000000749a00000, 0x0000000749b00000, 0x0000000749b00000|100%| S|  |TAMS 0x0000000749a00000, 0x0000000749a00000| Complete 
|  47|0x0000000749b00000, 0x0000000749c00000, 0x0000000749c00000|100%| S|  |TAMS 0x0000000749b00000, 0x0000000749b00000| Complete 
|  48|0x0000000749c00000, 0x0000000749c00000, 0x0000000749d00000|  0%| F|  |TAMS 0x0000000749c00000, 0x0000000749c00000| Untracked 
|  49|0x0000000749d00000, 0x0000000749d00000, 0x0000000749e00000|  0%| F|  |TAMS 0x0000000749d00000, 0x0000000749d00000| Untracked 
|  50|0x0000000749e00000, 0x0000000749e00000, 0x0000000749f00000|  0%| F|  |TAMS 0x0000000749e00000, 0x0000000749e00000| Untracked 
|  51|0x0000000749f00000, 0x0000000749f00000, 0x000000074a000000|  0%| F|  |TAMS 0x0000000749f00000, 0x0000000749f00000| Untracked 
|  52|0x000000074a000000, 0x000000074a000000, 0x000000074a100000|  0%| F|  |TAMS 0x000000074a000000, 0x000000074a000000| Untracked 
|  53|0x000000074a100000, 0x000000074a100000, 0x000000074a200000|  0%| F|  |TAMS 0x000000074a100000, 0x000000074a100000| Untracked 
|  54|0x000000074a200000, 0x000000074a2e1f30, 0x000000074a300000| 88%| E|  |TAMS 0x000000074a200000, 0x000000074a200000| Complete 
|  55|0x000000074a300000, 0x000000074a400000, 0x000000074a400000|100%| E|  |TAMS 0x000000074a300000, 0x000000074a300000| Complete 
|  56|0x000000074a400000, 0x000000074a500000, 0x000000074a500000|100%| E|  |TAMS 0x000000074a400000, 0x000000074a400000| Complete 
|  57|0x000000074a500000, 0x000000074a600000, 0x000000074a600000|100%| E|  |TAMS 0x000000074a500000, 0x000000074a500000| Complete 
|  58|0x000000074a600000, 0x000000074a700000, 0x000000074a700000|100%| E|  |TAMS 0x000000074a600000, 0x000000074a600000| Complete 
|  59|0x000000074a700000, 0x000000074a800000, 0x000000074a800000|100%| E|  |TAMS 0x000000074a700000, 0x000000074a700000| Complete 
|  60|0x000000074a800000, 0x000000074a900000, 0x000000074a900000|100%| E|  |TAMS 0x000000074a800000, 0x000000074a800000| Complete 
|  61|0x000000074a900000, 0x000000074aa00000, 0x000000074aa00000|100%| E|  |TAMS 0x000000074a900000, 0x000000074a900000| Complete 
|  62|0x000000074aa00000, 0x000000074ab00000, 0x000000074ab00000|100%| E|  |TAMS 0x000000074aa00000, 0x000000074aa00000| Complete 
|  63|0x000000074ab00000, 0x000000074ac00000, 0x000000074ac00000|100%| E|  |TAMS 0x000000074ab00000, 0x000000074ab00000| Complete 
|  64|0x000000074ac00000, 0x000000074ad00000, 0x000000074ad00000|100%| E|  |TAMS 0x000000074ac00000, 0x000000074ac00000| Complete 
|  65|0x000000074ad00000, 0x000000074ae00000, 0x000000074ae00000|100%| E|  |TAMS 0x000000074ad00000, 0x000000074ad00000| Complete 
|  66|0x000000074ae00000, 0x000000074af00000, 0x000000074af00000|100%| E|  |TAMS 0x000000074ae00000, 0x000000074ae00000| Complete 
|  67|0x000000074af00000, 0x000000074b000000, 0x000000074b000000|100%| E|  |TAMS 0x000000074af00000, 0x000000074af00000| Complete 
|  68|0x000000074b000000, 0x000000074b100000, 0x000000074b100000|100%| E|  |TAMS 0x000000074b000000, 0x000000074b000000| Complete 
|  69|0x000000074b100000, 0x000000074b200000, 0x000000074b200000|100%| E|  |TAMS 0x000000074b100000, 0x000000074b100000| Complete 
|  70|0x000000074b200000, 0x000000074b300000, 0x000000074b300000|100%| E|  |TAMS 0x000000074b200000, 0x000000074b200000| Complete 
|  71|0x000000074b300000, 0x000000074b400000, 0x000000074b400000|100%| E|  |TAMS 0x000000074b300000, 0x000000074b300000| Complete 
|  72|0x000000074b400000, 0x000000074b500000, 0x000000074b500000|100%| E|  |TAMS 0x000000074b400000, 0x000000074b400000| Complete 
|  73|0x000000074b500000, 0x000000074b600000, 0x000000074b600000|100%| E|  |TAMS 0x000000074b500000, 0x000000074b500000| Complete 
|  74|0x000000074b600000, 0x000000074b700000, 0x000000074b700000|100%| E|  |TAMS 0x000000074b600000, 0x000000074b600000| Complete 
|  75|0x000000074b700000, 0x000000074b800000, 0x000000074b800000|100%| E|  |TAMS 0x000000074b700000, 0x000000074b700000| Complete 
|  76|0x000000074b800000, 0x000000074b900000, 0x000000074b900000|100%| E|  |TAMS 0x000000074b800000, 0x000000074b800000| Complete 
|  77|0x000000074b900000, 0x000000074ba00000, 0x000000074ba00000|100%| E|  |TAMS 0x000000074b900000, 0x000000074b900000| Complete 
|  78|0x000000074ba00000, 0x000000074bb00000, 0x000000074bb00000|100%| E|  |TAMS 0x000000074ba00000, 0x000000074ba00000| Complete 
|  79|0x000000074bb00000, 0x000000074bc00000, 0x000000074bc00000|100%| E|  |TAMS 0x000000074bb00000, 0x000000074bb00000| Complete 
|  80|0x000000074bc00000, 0x000000074bd00000, 0x000000074bd00000|100%| E|  |TAMS 0x000000074bc00000, 0x000000074bc00000| Complete 
|  81|0x000000074bd00000, 0x000000074be00000, 0x000000074be00000|100%| E|  |TAMS 0x000000074bd00000, 0x000000074bd00000| Complete 
|1938|0x00000007bfe00000, 0x00000007bfe47000, 0x00000007bff00000| 27%|OA|  |TAMS 0x00000007bfe47000, 0x00000007bfe00000| Untracked 
|1939|0x00000007bff00000, 0x00000007bff6a000, 0x00000007c0000000| 41%|CA|  |TAMS 0x00000007bff6a000, 0x00000007bff00000| Untracked 

Card table byte_map: [0x00007f43cfa36000,0x00007f43d0000000] _byte_map_base: 0x00007f43cc000000

Marking Bits (Prev, Next): (CMBitMap*) 0x00007f43ec06aef0, (CMBitMap*) 0x00007f43ec06aeb8
 Prev Bits: [0x00007f43c97cc000, 0x00007f43cc61c000)
 Next Bits: [0x00007f43cc61c000, 0x00007f43cf46c000)

Polling page: 0x00007f43f0aa3000

Metaspace:

Usage:
  Non-class:     68,03 MB capacity,    66,31 MB ( 97%) used,     1,47 MB (  2%) free+waste,   259,25 KB ( <1%) overhead. 
      Class:      9,75 MB capacity,     8,97 MB ( 92%) used,   683,47 KB (  7%) free+waste,   110,00 KB (  1%) overhead. 
       Both:     77,77 MB capacity,    75,28 MB ( 97%) used,     2,13 MB (  3%) free+waste,   369,25 KB ( <1%) overhead. 

Virtual space:
  Non-class space:       70,00 MB reserved,      68,17 MB ( 97%) committed 
      Class space:        1,00 GB reserved,       9,86 MB ( <1%) committed 
             Both:        1,07 GB reserved,      78,03 MB (  7%) committed 

Chunk freelists:
   Non-Class:  82,00 KB
       Class:  5,00 KB
        Both:  87,00 KB

MaxMetaspaceSize: unlimited
CompressedClassSpaceSize: 1,00 GB

CodeHeap 'non-profiled nmethods': size=120032Kb used=7391Kb max_used=7391Kb free=112640Kb
 bounds [0x00007f43dc3ca000, 0x00007f43dcb0a000, 0x00007f43e3902000]
CodeHeap 'profiled nmethods': size=120032Kb used=26200Kb max_used=26281Kb free=93831Kb
 bounds [0x00007f43d4e92000, 0x00007f43d6862000, 0x00007f43dc3ca000]
CodeHeap 'non-nmethods': size=5696Kb used=1304Kb max_used=1413Kb free=4391Kb
 bounds [0x00007f43d4902000, 0x00007f43d4b72000, 0x00007f43d4e92000]
 total_blobs=12600 nmethods=11990 adapters=528
 compilation: enabled
              stopped_count=0, restarted_count=0
 full_count=0

Compilation events (20 events):
Event: 622,471 Thread 0x00007f43ec170800 14208   !   3       org.apache.catalina.core.ContainerBase::getRealmInternal (38 bytes)
Event: 622,472 Thread 0x00007f43ec170800 nmethod 14208 0x00007f43d6858990 code [0x00007f43d6858be0, 0x00007f43d6859470]
Event: 642,472 Thread 0x00007f43ec170800 14209       3       org.apache.catalina.webresources.Cache$EvictionOrder::compare (13 bytes)
Event: 642,472 Thread 0x00007f43ec170800 nmethod 14209 0x00007f43d6859810 code [0x00007f43d68599e0, 0x00007f43d6859eb0]
Event: 642,472 Thread 0x00007f43ec170800 14210       3       org.apache.catalina.webresources.Cache$EvictionOrder::compare (31 bytes)
Event: 642,473 Thread 0x00007f43ec170800 nmethod 14210 0x00007f43d685a010 code [0x00007f43d685a1c0, 0x00007f43d685a410]
Event: 660,397 Thread 0x00007f43ec16e800 14211       4       java.util.regex.Pattern::closure (365 bytes)
Event: 660,398 Thread 0x00007f43ec170800 14212       1       ch.qos.logback.core.ContextBase::getStatusManager (5 bytes)
Event: 660,399 Thread 0x00007f43ec170800 nmethod 14212 0x00007f43dcb00590 code [0x00007f43dcb00740, 0x00007f43dcb00810]
Event: 660,400 Thread 0x00007f43ec170800 14213       3       java.net.NetworkInterface$2::hasMoreElements (18 bytes)
Event: 660,401 Thread 0x00007f43ec170800 nmethod 14213 0x00007f43d685a510 code [0x00007f43d685a6c0, 0x00007f43d685a850]
Event: 660,414 Thread 0x00007f43ec170800 14216       3       org.apache.catalina.util.LifecycleMBeanBase::unregister (10 bytes)
Event: 660,414 Thread 0x00007f43ec170800 nmethod 14216 0x00007f43d685a910 code [0x00007f43d685aae0, 0x00007f43d685ad10]
Event: 660,426 Thread 0x00007f43ec170800 14217  s!   3       org.hibernate.service.internal.AbstractServiceRegistryImpl::stopService (41 bytes)
Event: 660,427 Thread 0x00007f43ec170800 nmethod 14217 0x00007f43d524c790 code [0x00007f43d524c9e0, 0x00007f43d524d660]
Event: 660,431 Thread 0x00007f43ec16e800 nmethod 14211 0x00007f43dcb00890 code [0x00007f43dcb00c20, 0x00007f43dcb02230]
Event: 660,431 Thread 0x00007f43ec16e800 14215       4       java.lang.Enum::equals (11 bytes)
Event: 660,432 Thread 0x00007f43ec16e800 nmethod 14215 0x00007f43dcb03090 code [0x00007f43dcb03220, 0x00007f43dcb03298]
Event: 660,432 Thread 0x00007f43ec16e800 14214       4       java.net.URI$Parser::checkChars (44 bytes)
Event: 660,438 Thread 0x00007f43ec16e800 nmethod 14214 0x00007f43dcb03310 code [0x00007f43dcb034c0, 0x00007f43dcb039a8]

GC Heap History (20 events):
Event: 557,905 GC heap after
{Heap after GC invocations=63 (full 7):
 garbage-first heap   total 86016K, used 32859K [0x0000000746c00000, 0x0000000800000000)
  region size 1024K, 5 young (5120K), 5 survivors (5120K)
 Metaspace       used 75433K, capacity 77881K, committed 78236K, reserved 1118208K
  class space    used 9058K, capacity 9833K, committed 9964K, reserved 1048576K
}
Event: 558,108 GC heap before
{Heap before GC invocations=63 (full 7):
 garbage-first heap   total 86016K, used 66651K [0x0000000746c00000, 0x0000000800000000)
  region size 1024K, 39 young (39936K), 5 survivors (5120K)
 Metaspace       used 75711K, capacity 78181K, committed 78492K, reserved 1118208K
  class space    used 9075K, capacity 9868K, committed 9964K, reserved 1048576K
}
Event: 558,115 GC heap after
{Heap after GC invocations=64 (full 7):
 garbage-first heap   total 86016K, used 33815K [0x0000000746c00000, 0x0000000800000000)
  region size 1024K, 3 young (3072K), 3 survivors (3072K)
 Metaspace       used 75711K, capacity 78181K, committed 78492K, reserved 1118208K
  class space    used 9075K, capacity 9868K, committed 9964K, reserved 1048576K
}
Event: 558,346 GC heap before
{Heap before GC invocations=64 (full 7):
 garbage-first heap   total 86016K, used 67607K [0x0000000746c00000, 0x0000000800000000)
  region size 1024K, 36 young (36864K), 3 survivors (3072K)
 Metaspace       used 75902K, capacity 78319K, committed 78492K, reserved 1118208K
  class space    used 9086K, capacity 9868K, committed 9964K, reserved 1048576K
}
Event: 558,353 GC heap after
{Heap after GC invocations=65 (full 7):
 garbage-first heap   total 86016K, used 35691K [0x0000000746c00000, 0x0000000800000000)
  region size 1024K, 4 young (4096K), 4 survivors (4096K)
 Metaspace       used 75902K, capacity 78319K, committed 78492K, reserved 1118208K
  class space    used 9086K, capacity 9868K, committed 9964K, reserved 1048576K
}
Event: 561,806 GC heap before
{Heap before GC invocations=65 (full 7):
 garbage-first heap   total 86016K, used 39787K [0x0000000746c00000, 0x0000000800000000)
  region size 1024K, 9 young (9216K), 4 survivors (4096K)
 Metaspace       used 75916K, capacity 78331K, committed 78492K, reserved 1118208K
  class space    used 9087K, capacity 9871K, committed 9964K, reserved 1048576K
}
Event: 561,879 GC heap after
{Heap after GC invocations=66 (full 8):
 garbage-first heap   total 86016K, used 26163K [0x0000000746c00000, 0x0000000800000000)
  region size 1024K, 0 young (0K), 0 survivors (0K)
 Metaspace       used 75910K, capacity 78319K, committed 78492K, reserved 1118208K
  class space    used 9086K, capacity 9867K, committed 9964K, reserved 1048576K
}
Event: 562,165 GC heap before
{Heap before GC invocations=66 (full 8):
 garbage-first heap   total 86016K, used 64051K [0x0000000746c00000, 0x0000000800000000)
  region size 1024K, 37 young (37888K), 0 survivors (0K)
 Metaspace       used 76024K, capacity 78567K, committed 78748K, reserved 1118208K
  class space    used 9103K, capacity 9907K, committed 9964K, reserved 1048576K
}
Event: 562,169 GC heap after
{Heap after GC invocations=67 (full 8):
 garbage-first heap   total 86016K, used 27985K [0x0000000746c00000, 0x0000000800000000)
  region size 1024K, 2 young (2048K), 2 survivors (2048K)
 Metaspace       used 76024K, capacity 78567K, committed 78748K, reserved 1118208K
  class space    used 9103K, capacity 9907K, committed 9964K, reserved 1048576K
}
Event: 562,390 GC heap before
{Heap before GC invocations=67 (full 8):
 garbage-first heap   total 86016K, used 63825K [0x0000000746c00000, 0x0000000800000000)
  region size 1024K, 38 young (38912K), 2 survivors (2048K)
 Metaspace       used 76219K, capacity 78763K, committed 79004K, reserved 1118208K
  class space    used 9122K, capacity 9907K, committed 9964K, reserved 1048576K
}
Event: 562,394 GC heap after
{Heap after GC invocations=68 (full 8):
 garbage-first heap   total 86016K, used 28683K [0x0000000746c00000, 0x0000000800000000)
  region size 1024K, 3 young (3072K), 3 survivors (3072K)
 Metaspace       used 76219K, capacity 78763K, committed 79004K, reserved 1118208K
  class space    used 9122K, capacity 9907K, committed 9964K, reserved 1048576K
}
Event: 562,485 GC heap before
{Heap before GC invocations=68 (full 8):
 garbage-first heap   total 86016K, used 64523K [0x0000000746c00000, 0x0000000800000000)
  region size 1024K, 39 young (39936K), 3 survivors (3072K)
 Metaspace       used 76243K, capacity 78765K, committed 79004K, reserved 1118208K
  class space    used 9123K, capacity 9907K, committed 9964K, reserved 1048576K
}
Event: 562,489 GC heap after
{Heap after GC invocations=69 (full 8):
 garbage-first heap   total 86016K, used 29348K [0x0000000746c00000, 0x0000000800000000)
  region size 1024K, 4 young (4096K), 4 survivors (4096K)
 Metaspace       used 76243K, capacity 78765K, committed 79004K, reserved 1118208K
  class space    used 9123K, capacity 9907K, committed 9964K, reserved 1048576K
}
Event: 562,727 GC heap before
{Heap before GC invocations=69 (full 8):
 garbage-first heap   total 86016K, used 66212K [0x0000000746c00000, 0x0000000800000000)
  region size 1024K, 40 young (40960K), 4 survivors (4096K)
 Metaspace       used 76556K, capacity 79056K, committed 79260K, reserved 1118208K
  class space    used 9154K, capacity 9939K, committed 9964K, reserved 1048576K
}
Event: 562,746 GC heap after
{Heap after GC invocations=70 (full 8):
 garbage-first heap   total 86016K, used 31211K [0x0000000746c00000, 0x0000000800000000)
  region size 1024K, 4 young (4096K), 4 survivors (4096K)
 Metaspace       used 76556K, capacity 79056K, committed 79260K, reserved 1118208K
  class space    used 9154K, capacity 9939K, committed 9964K, reserved 1048576K
}
Event: 562,948 GC heap before
{Heap before GC invocations=70 (full 8):
 garbage-first heap   total 86016K, used 67051K [0x0000000746c00000, 0x0000000800000000)
  region size 1024K, 40 young (40960K), 4 survivors (4096K)
 Metaspace       used 76825K, capacity 79352K, committed 79644K, reserved 1118208K
  class space    used 9170K, capacity 9972K, committed 10092K, reserved 1048576K
}
Event: 562,953 GC heap after
{Heap after GC invocations=71 (full 8):
 garbage-first heap   total 86016K, used 32703K [0x0000000746c00000, 0x0000000800000000)
  region size 1024K, 5 young (5120K), 5 survivors (5120K)
 Metaspace       used 76825K, capacity 79352K, committed 79644K, reserved 1118208K
  class space    used 9170K, capacity 9972K, committed 10092K, reserved 1048576K
}
Event: 563,258 GC heap before
{Heap before GC invocations=71 (full 8):
 garbage-first heap   total 86016K, used 67519K [0x0000000746c00000, 0x0000000800000000)
  region size 1024K, 39 young (39936K), 5 survivors (5120K)
 Metaspace       used 77007K, capacity 79486K, committed 79900K, reserved 1120256K
  class space    used 9181K, capacity 9972K, committed 10092K, reserved 1048576K
}
Event: 563,266 GC heap after
{Heap after GC invocations=72 (full 8):
 garbage-first heap   total 86016K, used 34244K [0x0000000746c00000, 0x0000000800000000)
  region size 1024K, 4 young (4096K), 4 survivors (4096K)
 Metaspace       used 77007K, capacity 79486K, committed 79900K, reserved 1120256K
  class space    used 9181K, capacity 9972K, committed 10092K, reserved 1048576K
}
Event: 660,438 GC heap before
{Heap before GC invocations=72 (full 8):
 garbage-first heap   total 86016K, used 61892K [0x0000000746c00000, 0x0000000800000000)
  region size 1024K, 32 young (32768K), 4 survivors (4096K)
 Metaspace       used 77086K, capacity 79641K, committed 79900K, reserved 1120256K
  class space    used 9185K, capacity 9979K, committed 10092K, reserved 1048576K
}

Deoptimization events (20 events):
Event: 660,414 Thread 0x00007f43553c6800 DEOPT PACKING pc=0x00007f43d61fd9ec sp=0x00007f435f5287a0
Event: 660,414 Thread 0x00007f43553c6800 DEOPT UNPACKING pc=0x00007f43d4938e3a sp=0x00007f435f527c60 mode 1
Event: 660,414 Thread 0x00007f43553c6800 DEOPT PACKING pc=0x00007f43d4f061ac sp=0x00007f435f5287e0
Event: 660,414 Thread 0x00007f43553c6800 DEOPT UNPACKING pc=0x00007f43d4938e3a sp=0x00007f435f527d00 mode 1
Event: 660,414 Thread 0x00007f4355d4a000 DEOPT PACKING pc=0x00007f43d4f1053c sp=0x00007f435d63f4e0
Event: 660,414 Thread 0x00007f4355d4a000 DEOPT UNPACKING pc=0x00007f43d4938e3a sp=0x00007f435d63ea50 mode 1
Event: 660,414 Thread 0x00007f4355d4a000 DEOPT PACKING pc=0x00007f43d61fbc9c sp=0x00007f435d63f690
Event: 660,414 Thread 0x00007f4355d4a000 DEOPT UNPACKING pc=0x00007f43d4938e3a sp=0x00007f435d63ebe8 mode 1
Event: 660,414 Thread 0x00007f4355d4a000 DEOPT PACKING pc=0x00007f43d61fd9ec sp=0x00007f435d63f7a0
Event: 660,414 Thread 0x00007f4355d4a000 DEOPT UNPACKING pc=0x00007f43d4938e3a sp=0x00007f435d63ec60 mode 1
Event: 660,414 Thread 0x00007f4355d4a000 DEOPT PACKING pc=0x00007f43d4f061ac sp=0x00007f435d63f7e0
Event: 660,414 Thread 0x00007f4355d4a000 DEOPT UNPACKING pc=0x00007f43d4938e3a sp=0x00007f435d63ed00 mode 1
Event: 660,430 Thread 0x00007f4355608000 DEOPT PACKING pc=0x00007f43d4f1053c sp=0x00007f435d53e540
Event: 660,430 Thread 0x00007f4355608000 DEOPT UNPACKING pc=0x00007f43d4938e3a sp=0x00007f435d53dab0 mode 1
Event: 660,430 Thread 0x00007f4355608000 DEOPT PACKING pc=0x00007f43d61fbc9c sp=0x00007f435d53e6f0
Event: 660,430 Thread 0x00007f4355608000 DEOPT UNPACKING pc=0x00007f43d4938e3a sp=0x00007f435d53dc48 mode 1
Event: 660,430 Thread 0x00007f4355608000 DEOPT PACKING pc=0x00007f43d61fd9ec sp=0x00007f435d53e800
Event: 660,430 Thread 0x00007f4355608000 DEOPT UNPACKING pc=0x00007f43d4938e3a sp=0x00007f435d53dcc0 mode 1
Event: 660,430 Thread 0x00007f4355608000 DEOPT PACKING pc=0x00007f43d4f061ac sp=0x00007f435d53e840
Event: 660,430 Thread 0x00007f4355608000 DEOPT UNPACKING pc=0x00007f43d4938e3a sp=0x00007f435d53dd60 mode 1

Classes redefined (0 events):
No events

Internal exceptions (20 events):
Event: 563,007 Thread 0x00007f43900fc800 Exception <a 'java/lang/ClassNotFoundException'{0x000000074b87d188}: com/lanchonete/domain/entities/produto/baseentity/IProdutoCardapioCustomizer> (0x000000074b87d188) thrown at [src/hotspot/share/classfile/systemDictionary.cpp, line 231]
Event: 563,007 Thread 0x00007f43900fc800 Exception <a 'java/lang/ClassNotFoundException'{0x000000074b88d430}: com/lanchonete/domain/entities/produto/baseentity/IProdutoCustomizer> (0x000000074b88d430) thrown at [src/hotspot/share/classfile/systemDictionary.cpp, line 231]
Event: 563,008 Thread 0x00007f43900fc800 Exception <a 'java/lang/ClassNotFoundException'{0x000000074b89d988}: com/lanchonete/domain/entities/produto/baseentity/IProdutoComboCustomizer> (0x000000074b89d988) thrown at [src/hotspot/share/classfile/systemDictionary.cpp, line 231]
Event: 563,008 Thread 0x00007f43900fc800 Exception <a 'java/lang/ClassNotFoundException'{0x000000074b8ada90}: com/lanchonete/domain/entities/produto/baseentity/IProdutoCustomizer> (0x000000074b8ada90) thrown at [src/hotspot/share/classfile/systemDictionary.cpp, line 231]
Event: 563,009 Thread 0x00007f43900fc800 Exception <a 'java/lang/ClassNotFoundException'{0x000000074b8bdad0}: com/lanchonete/domain/entities/produto/baseentity/IProdutoCustomizer> (0x000000074b8bdad0) thrown at [src/hotspot/share/classfile/systemDictionary.cpp, line 231]
Event: 563,028 Thread 0x00007f43900fc800 Exception <a 'java/lang/ClassNotFoundException'{0x000000074b468780}: java/lang/ObjectCustomizer> (0x000000074b468780) thrown at [src/hotspot/share/classfile/systemDictionary.cpp, line 231]
Event: 563,028 Thread 0x00007f43900fc800 Exception <a 'java/lang/ClassNotFoundException'{0x000000074b479d10}: com/lanchonete/domain/entities/BaseEntityCustomizer> (0x000000074b479d10) thrown at [src/hotspot/share/classfile/systemDictionary.cpp, line 231]
Event: 563,029 Thread 0x00007f43900fc800 Exception <a 'java/lang/ClassNotFoundException'{0x000000074b48c208}: com/lanchonete/domain/entities/pedido/PedidoCustomizer> (0x000000074b48c208) thrown at [src/hotspot/share/classfile/systemDictionary.cpp, line 231]
Event: 563,030 Thread 0x00007f43900fc800 Exception <a 'java/lang/ClassNotFoundException'{0x000000074b4ad028}: com/lanchonete/domain/entities/pedido/IPedidoStateCustomizer> (0x000000074b4ad028) thrown at [src/hotspot/share/classfile/systemDictionary.cpp, line 231]
Event: 563,032 Thread 0x00007f43900fc800 Exception <a 'java/lang/ClassNotFoundException'{0x000000074b4e8ed8}: java/lang/ObjectCustomizer> (0x000000074b4e8ed8) thrown at [src/hotspot/share/classfile/systemDictionary.cpp, line 231]
Event: 563,032 Thread 0x00007f43900fc800 Exception <a 'java/lang/ClassNotFoundException'{0x000000074b4fa468}: com/lanchonete/domain/entities/BaseEntityCustomizer> (0x000000074b4fa468) thrown at [src/hotspot/share/classfile/systemDictionary.cpp, line 231]
Event: 563,033 Thread 0x00007f43900fc800 Exception <a 'java/lang/ClassNotFoundException'{0x000000074b30dbc0}: com/lanchonete/domain/entities/pedido/EstadoPedidoCustomizer> (0x000000074b30dbc0) thrown at [src/hotspot/share/classfile/systemDictionary.cpp, line 231]
Event: 563,055 Thread 0x00007f43900fc800 Exception <a 'java/lang/ClassNotFoundException'{0x000000074af11c28}: java/lang/ObjectCustomizer> (0x000000074af11c28) thrown at [src/hotspot/share/classfile/systemDictionary.cpp, line 231]
Event: 563,056 Thread 0x00007f43900fc800 Exception <a 'java/lang/ClassNotFoundException'{0x000000074af231b8}: com/lanchonete/domain/entities/BaseEntityCustomizer> (0x000000074af231b8) thrown at [src/hotspot/share/classfile/systemDictionary.cpp, line 231]
Event: 563,057 Thread 0x00007f43900fc800 Exception <a 'java/lang/ClassNotFoundException'{0x000000074af350f8}: com/lanchonete/domain/entities/venda/VendaCustomizer> (0x000000074af350f8) thrown at [src/hotspot/share/classfile/systemDictionary.cpp, line 231]
Event: 565,615 Thread 0x00007f4354082800 Exception <a 'java/lang/ClassNotFoundException'{0x000000074bb04148}: java/lang/ObjectCustomizer> (0x000000074bb04148) thrown at [src/hotspot/share/classfile/systemDictionary.cpp, line 231]
Event: 565,616 Thread 0x00007f4354082800 Exception <a 'java/lang/ClassNotFoundException'{0x000000074bb182a8}: com/lanchonete/domain/entities/BaseEntityCustomizer> (0x000000074bb182a8) thrown at [src/hotspot/share/classfile/systemDictionary.cpp, line 231]
Event: 565,617 Thread 0x00007f4354082800 Exception <a 'java/lang/ClassNotFoundException'{0x000000074bb2de48}: com/lanchonete/domain/entities/categoria/CategoriaCustomizer> (0x000000074bb2de48) thrown at [src/hotspot/share/classfile/systemDictionary.cpp, line 231]
Event: 566,645 Thread 0x00007f4354083800 Exception <a 'java/lang/reflect/InvocationTargetException'{0x000000074bbee468}> (0x000000074bbee468) thrown at [src/hotspot/share/runtime/reflection.cpp, line 1245]
Event: 660,414 Thread 0x00007f4355d4b000 Exception <a 'java/lang/InterruptedException'{0x000000074a255238}: sleep interrupted> (0x000000074a255238) thrown at [src/hotspot/share/prims/jvm.cpp, line 3107]

Events (20 events):
Event: 660,431 Executing VM operation: RevokeBias
Event: 660,431 Executing VM operation: RevokeBias done
Event: 660,431 Executing VM operation: RevokeBias
Event: 660,431 Executing VM operation: RevokeBias done
Event: 660,431 Executing VM operation: RevokeBias
Event: 660,432 Executing VM operation: RevokeBias done
Event: 660,432 Executing VM operation: RevokeBias
Event: 660,432 Executing VM operation: RevokeBias done
Event: 660,434 Executing VM operation: RevokeBias
Event: 660,434 Executing VM operation: RevokeBias done
Event: 660,437 Executing VM operation: RevokeBias
Event: 660,437 Executing VM operation: RevokeBias done
Event: 660,437 Executing VM operation: RevokeBias
Event: 660,437 Executing VM operation: RevokeBias done
Event: 660,437 Executing VM operation: RevokeBias
Event: 660,437 Executing VM operation: RevokeBias done
Event: 660,437 Executing VM operation: RevokeBias
Event: 660,437 Executing VM operation: RevokeBias done
Event: 660,438 Thread 0x00007f4360607000 Thread exited: 0x00007f4360607000
Event: 660,438 Executing VM operation: G1CollectFull


Dynamic libraries:
746c00000-74be00000 rw-p 00000000 00:00 0 
74be00000-7bfe00000 ---p 00000000 00:00 0 
7bfe00000-7bfe47000 rw-p 0110e000 08:05 3935412                          /usr/lib/jvm/java-11-openjdk-amd64/lib/server/classes.jsa
7bfe47000-7bff00000 rw-p 00000000 00:00 0 
7bff00000-7bff6a000 rw-p 010a4000 08:05 3935412                          /usr/lib/jvm/java-11-openjdk-amd64/lib/server/classes.jsa
7bff6a000-7c0000000 rw-p 00000000 00:00 0 
7c0000000-800000000 ---p 00000000 00:00 0 
800000000-800002000 rwxp 00001000 08:05 3935412                          /usr/lib/jvm/java-11-openjdk-amd64/lib/server/classes.jsa
800002000-8010a3000 rw-p 00003000 08:05 3935412                          /usr/lib/jvm/java-11-openjdk-amd64/lib/server/classes.jsa
840000000-8409db000 rw-p 00000000 00:00 0 
8409db000-880000000 ---p 00000000 00:00 0 
555b47b3e000-555b47b3f000 r--p 00000000 08:05 3935841                    /usr/lib/jvm/java-11-openjdk-amd64/bin/java
555b47b3f000-555b47b40000 r-xp 00001000 08:05 3935841                    /usr/lib/jvm/java-11-openjdk-amd64/bin/java
555b47b40000-555b47b41000 r--p 00002000 08:05 3935841                    /usr/lib/jvm/java-11-openjdk-amd64/bin/java
555b47b41000-555b47b42000 r--p 00002000 08:05 3935841                    /usr/lib/jvm/java-11-openjdk-amd64/bin/java
555b47b42000-555b47b43000 rw-p 00003000 08:05 3935841                    /usr/lib/jvm/java-11-openjdk-amd64/bin/java
555b47dd3000-555b47e61000 rw-p 00000000 00:00 0                          [heap]
7f4348000000-7f4348021000 rw-p 00000000 00:00 0 
7f4348021000-7f434c000000 ---p 00000000 00:00 0 
7f434fe00000-7f434fe40000 rw-p 00000000 00:00 0 
7f434fe40000-7f4350000000 ---p 00000000 00:00 0 
7f4350000000-7f4351287000 rw-p 00000000 00:00 0 
7f4351287000-7f4354000000 ---p 00000000 00:00 0 
7f4354000000-7f4356140000 rw-p 00000000 00:00 0 
7f4356140000-7f4358000000 ---p 00000000 00:00 0 
7f4358000000-7f435870a000 rw-p 00000000 00:00 0 
7f435870a000-7f435c000000 ---p 00000000 00:00 0 
7f435c03b000-7f435c23b000 rw-p 00000000 00:00 0 
7f435c23b000-7f435c43b000 rw-p 00000000 00:00 0 
7f435c43b000-7f435c63b000 rw-p 00000000 00:00 0 
7f435c63b000-7f435c83b000 rw-p 00000000 00:00 0 
7f435c83b000-7f435ca3b000 rw-p 00000000 00:00 0 
7f435ca3b000-7f435cc3b000 rw-p 00000000 00:00 0 
7f435cc3b000-7f435ce3b000 rw-p 00000000 00:00 0 
7f435ce3b000-7f435d03b000 rw-p 00000000 00:00 0 
7f435d03b000-7f435d03f000 ---p 00000000 00:00 0 
7f435d03f000-7f435d13c000 rw-p 00000000 00:00 0 
7f435d13c000-7f435d140000 ---p 00000000 00:00 0 
7f435d140000-7f435d23d000 rw-p 00000000 00:00 0 
7f435d23d000-7f435d241000 ---p 00000000 00:00 0 
7f435d241000-7f435d33e000 rw-p 00000000 00:00 0 
7f435d33e000-7f435d342000 ---p 00000000 00:00 0 
7f435d342000-7f435d43f000 rw-p 00000000 00:00 0 
7f435d43f000-7f435d443000 ---p 00000000 00:00 0 
7f435d443000-7f435d540000 rw-p 00000000 00:00 0 
7f435d540000-7f435d544000 ---p 00000000 00:00 0 
7f435d544000-7f435d641000 rw-p 00000000 00:00 0 
7f435d641000-7f435d645000 ---p 00000000 00:00 0 
7f435d645000-7f435d742000 rw-p 00000000 00:00 0 
7f435d742000-7f435d746000 ---p 00000000 00:00 0 
7f435d746000-7f435d843000 rw-p 00000000 00:00 0 
7f435d843000-7f435d847000 ---p 00000000 00:00 0 
7f435d847000-7f435d944000 rw-p 00000000 00:00 0 
7f435d944000-7f435d948000 ---p 00000000 00:00 0 
7f435d948000-7f435da45000 rw-p 00000000 00:00 0 
7f435da45000-7f435da49000 ---p 00000000 00:00 0 
7f435da49000-7f435dd46000 rw-p 00000000 00:00 0 
7f435de25000-7f435de29000 ---p 00000000 00:00 0 
7f435de29000-7f435df26000 rw-p 00000000 00:00 0 
7f435df26000-7f435df2a000 ---p 00000000 00:00 0 
7f435df2a000-7f435e027000 rw-p 00000000 00:00 0 
7f435e027000-7f435e02b000 ---p 00000000 00:00 0 
7f435e02b000-7f435e328000 rw-p 00000000 00:00 0 
7f435e328000-7f435e528000 rw-p 00000000 00:00 0 
7f435e528000-7f435e52c000 ---p 00000000 00:00 0 
7f435e52c000-7f435e829000 rw-p 00000000 00:00 0 
7f435e829000-7f435ea29000 rw-p 00000000 00:00 0 
7f435ea29000-7f435ec29000 rw-p 00000000 00:00 0 
7f435ec29000-7f435ee29000 rw-p 00000000 00:00 0 
7f435ee29000-7f435f029000 rw-p 00000000 00:00 0 
7f435f029000-7f435f229000 rw-p 00000000 00:00 0 
7f435f229000-7f435f429000 rw-p 00000000 00:00 0 
7f435f429000-7f435f42d000 ---p 00000000 00:00 0 
7f435f42d000-7f435f52a000 rw-p 00000000 00:00 0 
7f435f52a000-7f435f52e000 ---p 00000000 00:00 0 
7f435f52e000-7f435f62b000 rw-p 00000000 00:00 0 
7f435f62b000-7f435f62f000 ---p 00000000 00:00 0 
7f435f62f000-7f435f92c000 rw-p 00000000 00:00 0 
7f435f92c000-7f435fb2c000 rw-p 00000000 00:00 0 
7f435fb2c000-7f435fd2c000 rw-p 00000000 00:00 0 
7f435fe00000-7f4360000000 rw-p 00000000 00:00 0 
7f4360000000-7f43608a6000 rw-p 00000000 00:00 0 
7f43608a6000-7f4364000000 ---p 00000000 00:00 0 
7f4364000000-7f43641d1000 rw-p 00000000 00:00 0 
7f43641d1000-7f4368000000 ---p 00000000 00:00 0 
7f4368000000-7f4368118000 rw-p 00000000 00:00 0 
7f4368118000-7f436c000000 ---p 00000000 00:00 0 
7f436c000000-7f436ddd9000 rw-p 00000000 00:00 0 
7f436ddd9000-7f4370000000 ---p 00000000 00:00 0 
7f4370000000-7f437004c000 rw-p 00000000 00:00 0 
7f437004c000-7f4374000000 ---p 00000000 00:00 0 
7f4374000000-7f4374046000 rw-p 00000000 00:00 0 
7f4374046000-7f4378000000 ---p 00000000 00:00 0 
7f4378000000-7f437a801000 rw-p 00000000 00:00 0 
7f437a801000-7f437c000000 ---p 00000000 00:00 0 
7f437c000000-7f437c037000 rw-p 00000000 00:00 0 
7f437c037000-7f4380000000 ---p 00000000 00:00 0 
7f4380000000-7f43800b7000 rw-p 00000000 00:00 0 
7f43800b7000-7f4384000000 ---p 00000000 00:00 0 
7f4384000000-7f4384041000 rw-p 00000000 00:00 0 
7f4384041000-7f4388000000 ---p 00000000 00:00 0 
7f4388000000-7f4388021000 rw-p 00000000 00:00 0 
7f4388021000-7f438c000000 ---p 00000000 00:00 0 
7f438c000000-7f438c021000 rw-p 00000000 00:00 0 
7f438c021000-7f4390000000 ---p 00000000 00:00 0 
7f4390000000-7f43903ac000 rw-p 00000000 00:00 0 
7f43903ac000-7f4394000000 ---p 00000000 00:00 0 
7f4394000000-7f4394057000 rw-p 00000000 00:00 0 
7f4394057000-7f4398000000 ---p 00000000 00:00 0 
7f4398000000-7f4399284000 rw-p 00000000 00:00 0 
7f4399284000-7f439c000000 ---p 00000000 00:00 0 
7f439c000000-7f439c102000 rw-p 00000000 00:00 0 
7f439c102000-7f43a0000000 ---p 00000000 00:00 0 
7f43a0000000-7f43a0021000 rw-p 00000000 00:00 0 
7f43a0021000-7f43a4000000 ---p 00000000 00:00 0 
7f43a4000000-7f43a6cc9000 rw-p 00000000 00:00 0 
7f43a6cc9000-7f43a8000000 ---p 00000000 00:00 0 
7f43a8000000-7f43a8024000 rw-p 00000000 00:00 0 
7f43a8024000-7f43ac000000 ---p 00000000 00:00 0 
7f43ac000000-7f43ac021000 rw-p 00000000 00:00 0 
7f43ac021000-7f43b0000000 ---p 00000000 00:00 0 
7f43b0000000-7f43b0021000 rw-p 00000000 00:00 0 
7f43b0021000-7f43b4000000 ---p 00000000 00:00 0 
7f43b4000000-7f43b4d10000 rw-p 00000000 00:00 0 
7f43b4d10000-7f43b8000000 ---p 00000000 00:00 0 
7f43b8000000-7f43b803a000 rw-p 00000000 00:00 0 
7f43b803a000-7f43bc000000 ---p 00000000 00:00 0 
7f43bc000000-7f43bc021000 rw-p 00000000 00:00 0 
7f43bc021000-7f43c0000000 ---p 00000000 00:00 0 
7f43c00ba000-7f43c02ba000 rw-p 00000000 00:00 0 
7f43c02ba000-7f43c04ba000 rw-p 00000000 00:00 0 
7f43c04ba000-7f43c06a6000 rw-p 00000000 00:00 0 
7f43c06a6000-7f43c06ba000 ---p 00000000 00:00 0 
7f43c06ed000-7f43c08ed000 rw-p 00000000 00:00 0 
7f43c08ed000-7f43c08f1000 ---p 00000000 00:00 0 
7f43c08f1000-7f43c0bee000 rw-p 00000000 00:00 0 
7f43c0bee000-7f43c0dee000 rw-p 00000000 00:00 0 
7f43c0dee000-7f43c0fee000 rw-p 00000000 00:00 0 
7f43c0fee000-7f43c11ee000 rw-p 00000000 00:00 0 
7f43c11ee000-7f43c11f2000 ---p 00000000 00:00 0 
7f43c11f2000-7f43c12ef000 rw-p 00000000 00:00 0 
7f43c12ef000-7f43c12f3000 ---p 00000000 00:00 0 
7f43c12f3000-7f43c13f0000 rw-p 00000000 00:00 0 
7f43c13f0000-7f43c13f4000 ---p 00000000 00:00 0 
7f43c13f4000-7f43c14f1000 rw-p 00000000 00:00 0 
7f43c14f1000-7f43c14f2000 ---p 00000000 00:00 0 
7f43c14f2000-7f43c15f3000 rw-p 00000000 00:00 0 
7f43c15f3000-7f43c15f4000 ---p 00000000 00:00 0 
7f43c15f4000-7f43c16f5000 rw-p 00000000 00:00 0 
7f43c16f5000-7f43c16f6000 ---p 00000000 00:00 0 
7f43c16f6000-7f43c17f7000 rw-p 00000000 00:00 0 
7f43c17f7000-7f43c17fb000 ---p 00000000 00:00 0 
7f43c17fb000-7f43c18f8000 rw-p 00000000 00:00 0 
7f43c18f8000-7f43c18fc000 ---p 00000000 00:00 0 
7f43c18fc000-7f43c19f9000 rw-p 00000000 00:00 0 
7f43c19f9000-7f43c19fa000 ---p 00000000 00:00 0 
7f43c19fa000-7f43c1afb000 rw-p 00000000 00:00 0 
7f43c1afb000-7f43c1aff000 ---p 00000000 00:00 0 
7f43c1aff000-7f43c1bfc000 rw-p 00000000 00:00 0 
7f43c1bfc000-7f43c1c00000 ---p 00000000 00:00 0 
7f43c1c00000-7f43c1cfd000 rw-p 00000000 00:00 0 
7f43c1cfd000-7f43c1d01000 ---p 00000000 00:00 0 
7f43c1d01000-7f43c1dfe000 rw-p 00000000 00:00 0 
7f43c1dfe000-7f43c1e02000 ---p 00000000 00:00 0 
7f43c1e02000-7f43c1eff000 rw-p 00000000 00:00 0 
7f43c1eff000-7f43c1f03000 ---p 00000000 00:00 0 
7f43c1f03000-7f43c4000000 rw-p 00000000 00:00 0 
7f43c4000000-7f43c403a000 rw-p 00000000 00:00 0 
7f43c403a000-7f43c8000000 ---p 00000000 00:00 0 
7f43c809d000-7f43c80ce000 rw-p 00000000 00:00 0 
7f43c80ce000-7f43c80d2000 ---p 00000000 00:00 0 
7f43c80d2000-7f43c81cf000 rw-p 00000000 00:00 0 
7f43c81cf000-7f43c81d3000 ---p 00000000 00:00 0 
7f43c81d3000-7f43c82d0000 rw-p 00000000 00:00 0 
7f43c82d0000-7f43c82d4000 ---p 00000000 00:00 0 
7f43c82d4000-7f43c83d1000 rw-p 00000000 00:00 0 
7f43c83d1000-7f43c8942000 r--p 00000000 08:05 3807799                    /usr/lib/locale/locale-archive
7f43c8942000-7f43c8946000 ---p 00000000 00:00 0 
7f43c8946000-7f43c8a43000 rw-p 00000000 00:00 0 
7f43c8a43000-7f43c8a47000 ---p 00000000 00:00 0 
7f43c8a47000-7f43c8b44000 rw-p 00000000 00:00 0 
7f43c8b44000-7f43c8b45000 ---p 00000000 00:00 0 
7f43c8b45000-7f43c94c7000 rw-p 00000000 00:00 0 
7f43c94c7000-7f43c94c8000 ---p 00000000 00:00 0 
7f43c94c8000-7f43c95c9000 rw-p 00000000 00:00 0 
7f43c95c9000-7f43c95ca000 ---p 00000000 00:00 0 
7f43c95ca000-7f43c9914000 rw-p 00000000 00:00 0 
7f43c9914000-7f43cb614000 ---p 00000000 00:00 0 
7f43cb614000-7f43cb61c000 rw-p 00000000 00:00 0 
7f43cb61c000-7f43cc61c000 ---p 00000000 00:00 0 
7f43cc61c000-7f43cc764000 rw-p 00000000 00:00 0 
7f43cc764000-7f43ce464000 ---p 00000000 00:00 0 
7f43ce464000-7f43ce46c000 rw-p 00000000 00:00 0 
7f43ce46c000-7f43cf46c000 ---p 00000000 00:00 0 
7f43cf46c000-7f43cf495000 rw-p 00000000 00:00 0 
7f43cf495000-7f43cf835000 ---p 00000000 00:00 0 
7f43cf835000-7f43cf836000 rw-p 00000000 00:00 0 
7f43cf836000-7f43cfa36000 ---p 00000000 00:00 0 
7f43cfa36000-7f43cfa5f000 rw-p 00000000 00:00 0 
7f43cfa5f000-7f43cfdff000 ---p 00000000 00:00 0 
7f43cfdff000-7f43cfe00000 rw-p 00000000 00:00 0 
7f43cfe00000-7f43d0000000 ---p 00000000 00:00 0 
7f43d0000000-7f43d0054000 rw-p 00000000 00:00 0 
7f43d0054000-7f43d4000000 ---p 00000000 00:00 0 
7f43d4007000-7f43d4008000 r--p 00000000 08:05 3935900                    /usr/lib/jvm/java-11-openjdk-amd64/lib/libextnet.so
7f43d4008000-7f43d4009000 r-xp 00001000 08:05 3935900                    /usr/lib/jvm/java-11-openjdk-amd64/lib/libextnet.so
7f43d4009000-7f43d400a000 r--p 00002000 08:05 3935900                    /usr/lib/jvm/java-11-openjdk-amd64/lib/libextnet.so
7f43d400a000-7f43d400b000 r--p 00002000 08:05 3935900                    /usr/lib/jvm/java-11-openjdk-amd64/lib/libextnet.so
7f43d400b000-7f43d400c000 rw-p 00003000 08:05 3935900                    /usr/lib/jvm/java-11-openjdk-amd64/lib/libextnet.so
7f43d400c000-7f43d400e000 r--p 00000000 08:05 3935917                    /usr/lib/jvm/java-11-openjdk-amd64/lib/libmanagement_ext.so
7f43d400e000-7f43d4011000 r-xp 00002000 08:05 3935917                    /usr/lib/jvm/java-11-openjdk-amd64/lib/libmanagement_ext.so
7f43d4011000-7f43d4012000 r--p 00005000 08:05 3935917                    /usr/lib/jvm/java-11-openjdk-amd64/lib/libmanagement_ext.so
7f43d4012000-7f43d4013000 ---p 00006000 08:05 3935917                    /usr/lib/jvm/java-11-openjdk-amd64/lib/libmanagement_ext.so
7f43d4013000-7f43d4014000 r--p 00006000 08:05 3935917                    /usr/lib/jvm/java-11-openjdk-amd64/lib/libmanagement_ext.so
7f43d4014000-7f43d4015000 rw-p 00007000 08:05 3935917                    /usr/lib/jvm/java-11-openjdk-amd64/lib/libmanagement_ext.so
7f43d4015000-7f43d4018000 r--p 00000000 08:05 3935915                    /usr/lib/jvm/java-11-openjdk-amd64/lib/libmanagement.so
7f43d4018000-7f43d4019000 r-xp 00003000 08:05 3935915                    /usr/lib/jvm/java-11-openjdk-amd64/lib/libmanagement.so
7f43d4019000-7f43d401a000 r--p 00004000 08:05 3935915                    /usr/lib/jvm/java-11-openjdk-amd64/lib/libmanagement.so
7f43d401a000-7f43d401b000 r--p 00004000 08:05 3935915                    /usr/lib/jvm/java-11-openjdk-amd64/lib/libmanagement.so
7f43d401b000-7f43d401c000 rw-p 00005000 08:05 3935915                    /usr/lib/jvm/java-11-openjdk-amd64/lib/libmanagement.so
7f43d401c000-7f43d4020000 r--p 00000000 08:05 3935919                    /usr/lib/jvm/java-11-openjdk-amd64/lib/libnet.so
7f43d4020000-7f43d402f000 r-xp 00004000 08:05 3935919                    /usr/lib/jvm/java-11-openjdk-amd64/lib/libnet.so
7f43d402f000-7f43d4033000 r--p 00013000 08:05 3935919                    /usr/lib/jvm/java-11-openjdk-amd64/lib/libnet.so
7f43d4033000-7f43d4034000 r--p 00016000 08:05 3935919                    /usr/lib/jvm/java-11-openjdk-amd64/lib/libnet.so
7f43d4034000-7f43d4035000 rw-p 00017000 08:05 3935919                    /usr/lib/jvm/java-11-openjdk-amd64/lib/libnet.so
7f43d4035000-7f43d4361000 rw-p 00000000 00:00 0 
7f43d4361000-7f43d4701000 ---p 00000000 00:00 0 
7f43d4701000-7f43d4702000 rw-p 00000000 00:00 0 
7f43d4702000-7f43d4902000 ---p 00000000 00:00 0 
7f43d4902000-7f43d4b72000 rwxp 00000000 00:00 0 
7f43d4b72000-7f43d4e92000 ---p 00000000 00:00 0 
7f43d4e92000-7f43d6862000 rwxp 00000000 00:00 0 
7f43d6862000-7f43dc3ca000 ---p 00000000 00:00 0 
7f43dc3ca000-7f43dcb0a000 rwxp 00000000 00:00 0 
7f43dcb0a000-7f43e3902000 ---p 00000000 00:00 0 
7f43e3902000-7f43ec000000 r--s 00000000 08:05 3935929                    /usr/lib/jvm/java-11-openjdk-amd64/lib/modules
7f43ec000000-7f43ec6d2000 rw-p 00000000 00:00 0 
7f43ec6d2000-7f43f0000000 ---p 00000000 00:00 0 
7f43f0004000-7f43f000b000 r--p 00000000 08:05 3935920                    /usr/lib/jvm/java-11-openjdk-amd64/lib/libnio.so
7f43f000b000-7f43f0013000 r-xp 00007000 08:05 3935920                    /usr/lib/jvm/java-11-openjdk-amd64/lib/libnio.so
7f43f0013000-7f43f0016000 r--p 0000f000 08:05 3935920                    /usr/lib/jvm/java-11-openjdk-amd64/lib/libnio.so
7f43f0016000-7f43f0017000 r--p 00011000 08:05 3935920                    /usr/lib/jvm/java-11-openjdk-amd64/lib/libnio.so
7f43f0017000-7f43f0018000 rw-p 00012000 08:05 3935920                    /usr/lib/jvm/java-11-openjdk-amd64/lib/libnio.so
7f43f0018000-7f43f001a000 r--p 00000000 08:05 3935899                    /usr/lib/jvm/java-11-openjdk-amd64/lib/libdt_socket.so
7f43f001a000-7f43f001d000 r-xp 00002000 08:05 3935899                    /usr/lib/jvm/java-11-openjdk-amd64/lib/libdt_socket.so
7f43f001d000-7f43f001e000 r--p 00005000 08:05 3935899                    /usr/lib/jvm/java-11-openjdk-amd64/lib/libdt_socket.so
7f43f001e000-7f43f001f000 ---p 00006000 08:05 3935899                    /usr/lib/jvm/java-11-openjdk-amd64/lib/libdt_socket.so
7f43f001f000-7f43f0020000 r--p 00006000 08:05 3935899                    /usr/lib/jvm/java-11-openjdk-amd64/lib/libdt_socket.so
7f43f0020000-7f43f0021000 rw-p 00007000 08:05 3935899                    /usr/lib/jvm/java-11-openjdk-amd64/lib/libdt_socket.so
7f43f0021000-7f43f00e6000 rw-p 00000000 00:00 0 
7f43f00e6000-7f43f00e7000 ---p 00000000 00:00 0 
7f43f00e7000-7f43f01e8000 rw-p 00000000 00:00 0 
7f43f01e8000-7f43f01e9000 ---p 00000000 00:00 0 
7f43f01e9000-7f43f0751000 rw-p 00000000 00:00 0 
7f43f0751000-7f43f0752000 ---p 00000000 00:00 0 
7f43f0752000-7f43f0862000 rw-p 00000000 00:00 0 
7f43f0862000-7f43f093e000 ---p 00000000 00:00 0 
7f43f093e000-7f43f0972000 rw-p 00000000 00:00 0 
7f43f0972000-7f43f0a29000 ---p 00000000 00:00 0 
7f43f0a29000-7f43f0a2e000 rw-p 00000000 00:00 0 
7f43f0a2e000-7f43f0a35000 ---p 00000000 00:00 0 
7f43f0a35000-7f43f0a38000 r--p 00000000 08:05 3809904                    /usr/lib/x86_64-linux-gnu/libnss_files-2.31.so
7f43f0a38000-7f43f0a3f000 r-xp 00003000 08:05 3809904                    /usr/lib/x86_64-linux-gnu/libnss_files-2.31.so
7f43f0a3f000-7f43f0a41000 r--p 0000a000 08:05 3809904                    /usr/lib/x86_64-linux-gnu/libnss_files-2.31.so
7f43f0a41000-7f43f0a42000 r--p 0000b000 08:05 3809904                    /usr/lib/x86_64-linux-gnu/libnss_files-2.31.so
7f43f0a42000-7f43f0a43000 rw-p 0000c000 08:05 3809904                    /usr/lib/x86_64-linux-gnu/libnss_files-2.31.so
7f43f0a43000-7f43f0a49000 rw-p 00000000 00:00 0 
7f43f0a4a000-7f43f0a51000 r--s 00000000 08:05 4328795                    /usr/lib/x86_64-linux-gnu/gconv/gconv-modules.cache
7f43f0a51000-7f43f0a53000 r--s 0000c000 08:05 4459478                    /usr/share/java/java-atk-wrapper.jar
7f43f0a53000-7f43f0a55000 r--p 00000000 08:05 3935928                    /usr/lib/jvm/java-11-openjdk-amd64/lib/libzip.so
7f43f0a55000-7f43f0a59000 r-xp 00002000 08:05 3935928                    /usr/lib/jvm/java-11-openjdk-amd64/lib/libzip.so
7f43f0a59000-7f43f0a5b000 r--p 00006000 08:05 3935928                    /usr/lib/jvm/java-11-openjdk-amd64/lib/libzip.so
7f43f0a5b000-7f43f0a5c000 r--p 00007000 08:05 3935928                    /usr/lib/jvm/java-11-openjdk-amd64/lib/libzip.so
7f43f0a5c000-7f43f0a5d000 rw-p 00008000 08:05 3935928                    /usr/lib/jvm/java-11-openjdk-amd64/lib/libzip.so
7f43f0a5d000-7f43f0a65000 rw-s 00000000 08:05 6292038                    /tmp/hsperfdata_root/51186
7f43f0a65000-7f43f0a67000 r--p 00000000 08:05 3935910                    /usr/lib/jvm/java-11-openjdk-amd64/lib/libjdwp.so
7f43f0a67000-7f43f0a93000 r-xp 00002000 08:05 3935910                    /usr/lib/jvm/java-11-openjdk-amd64/lib/libjdwp.so
7f43f0a93000-7f43f0aa1000 r--p 0002e000 08:05 3935910                    /usr/lib/jvm/java-11-openjdk-amd64/lib/libjdwp.so
7f43f0aa1000-7f43f0aa2000 r--p 0003b000 08:05 3935910                    /usr/lib/jvm/java-11-openjdk-amd64/lib/libjdwp.so
7f43f0aa2000-7f43f0aa3000 rw-p 0003c000 08:05 3935910                    /usr/lib/jvm/java-11-openjdk-amd64/lib/libjdwp.so
7f43f0aa3000-7f43f0aa4000 ---p 00000000 00:00 0 
7f43f0aa4000-7f43f0aa5000 r--p 00000000 00:00 0 
7f43f0aa5000-7f43f0ab3000 r--p 00000000 08:05 3935907                    /usr/lib/jvm/java-11-openjdk-amd64/lib/libjava.so
7f43f0ab3000-7f43f0ac9000 r-xp 0000e000 08:05 3935907                    /usr/lib/jvm/java-11-openjdk-amd64/lib/libjava.so
7f43f0ac9000-7f43f0ad0000 r--p 00024000 08:05 3935907                    /usr/lib/jvm/java-11-openjdk-amd64/lib/libjava.so
7f43f0ad0000-7f43f0ad1000 r--p 0002a000 08:05 3935907                    /usr/lib/jvm/java-11-openjdk-amd64/lib/libjava.so
7f43f0ad1000-7f43f0ad2000 rw-p 0002b000 08:05 3935907                    /usr/lib/jvm/java-11-openjdk-amd64/lib/libjava.so
7f43f0ad2000-7f43f0ad3000 rw-p 00000000 00:00 0 
7f43f0ad3000-7f43f0ad6000 r--p 00000000 08:05 3810151                    /usr/lib/x86_64-linux-gnu/librt-2.31.so
7f43f0ad6000-7f43f0ada000 r-xp 00003000 08:05 3810151                    /usr/lib/x86_64-linux-gnu/librt-2.31.so
7f43f0ada000-7f43f0adb000 r--p 00007000 08:05 3810151                    /usr/lib/x86_64-linux-gnu/librt-2.31.so
7f43f0adb000-7f43f0adc000 ---p 00008000 08:05 3810151                    /usr/lib/x86_64-linux-gnu/librt-2.31.so
7f43f0adc000-7f43f0add000 r--p 00008000 08:05 3810151                    /usr/lib/x86_64-linux-gnu/librt-2.31.so
7f43f0add000-7f43f0ade000 rw-p 00009000 08:05 3810151                    /usr/lib/x86_64-linux-gnu/librt-2.31.so
7f43f0ade000-7f43f0ae2000 ---p 00000000 00:00 0 
7f43f0ae2000-7f43f0bdf000 rw-p 00000000 00:00 0 
7f43f0bdf000-7f43f0be2000 r--p 00000000 08:05 3809401                    /usr/lib/x86_64-linux-gnu/libgcc_s.so.1
7f43f0be2000-7f43f0bf4000 r-xp 00003000 08:05 3809401                    /usr/lib/x86_64-linux-gnu/libgcc_s.so.1
7f43f0bf4000-7f43f0bf8000 r--p 00015000 08:05 3809401                    /usr/lib/x86_64-linux-gnu/libgcc_s.so.1
7f43f0bf8000-7f43f0bf9000 r--p 00018000 08:05 3809401                    /usr/lib/x86_64-linux-gnu/libgcc_s.so.1
7f43f0bf9000-7f43f0bfa000 rw-p 00019000 08:05 3809401                    /usr/lib/x86_64-linux-gnu/libgcc_s.so.1
7f43f0bfa000-7f43f0c09000 r--p 00000000 08:05 3809761                    /usr/lib/x86_64-linux-gnu/libm-2.31.so
7f43f0c09000-7f43f0cb0000 r-xp 0000f000 08:05 3809761                    /usr/lib/x86_64-linux-gnu/libm-2.31.so
7f43f0cb0000-7f43f0d47000 r--p 000b6000 08:05 3809761                    /usr/lib/x86_64-linux-gnu/libm-2.31.so
7f43f0d47000-7f43f0d48000 r--p 0014c000 08:05 3809761                    /usr/lib/x86_64-linux-gnu/libm-2.31.so
7f43f0d48000-7f43f0d49000 rw-p 0014d000 08:05 3809761                    /usr/lib/x86_64-linux-gnu/libm-2.31.so
7f43f0d49000-7f43f0ddf000 r--p 00000000 08:05 3810269                    /usr/lib/x86_64-linux-gnu/libstdc++.so.6.0.28
7f43f0ddf000-7f43f0ecf000 r-xp 00096000 08:05 3810269                    /usr/lib/x86_64-linux-gnu/libstdc++.so.6.0.28
7f43f0ecf000-7f43f0f18000 r--p 00186000 08:05 3810269                    /usr/lib/x86_64-linux-gnu/libstdc++.so.6.0.28
7f43f0f18000-7f43f0f19000 ---p 001cf000 08:05 3810269                    /usr/lib/x86_64-linux-gnu/libstdc++.so.6.0.28
7f43f0f19000-7f43f0f24000 r--p 001cf000 08:05 3810269                    /usr/lib/x86_64-linux-gnu/libstdc++.so.6.0.28
7f43f0f24000-7f43f0f27000 rw-p 001da000 08:05 3810269                    /usr/lib/x86_64-linux-gnu/libstdc++.so.6.0.28
7f43f0f27000-7f43f0f2a000 rw-p 00000000 00:00 0 
7f43f0f2a000-7f43f1197000 r--p 00000000 08:05 3935932                    /usr/lib/jvm/java-11-openjdk-amd64/lib/server/libjvm.so
7f43f1197000-7f43f1d2b000 r-xp 0026d000 08:05 3935932                    /usr/lib/jvm/java-11-openjdk-amd64/lib/server/libjvm.so
7f43f1d2b000-7f43f1f62000 r--p 00e01000 08:05 3935932                    /usr/lib/jvm/java-11-openjdk-amd64/lib/server/libjvm.so
7f43f1f62000-7f43f201f000 r--p 01037000 08:05 3935932                    /usr/lib/jvm/java-11-openjdk-amd64/lib/server/libjvm.so
7f43f201f000-7f43f2058000 rw-p 010f4000 08:05 3935932                    /usr/lib/jvm/java-11-openjdk-amd64/lib/server/libjvm.so
7f43f2058000-7f43f20b1000 rw-p 00000000 00:00 0 
7f43f20b1000-7f43f20b8000 r--p 00000000 08:05 3810084                    /usr/lib/x86_64-linux-gnu/libpthread-2.31.so
7f43f20b8000-7f43f20c9000 r-xp 00007000 08:05 3810084                    /usr/lib/x86_64-linux-gnu/libpthread-2.31.so
7f43f20c9000-7f43f20ce000 r--p 00018000 08:05 3810084                    /usr/lib/x86_64-linux-gnu/libpthread-2.31.so
7f43f20ce000-7f43f20cf000 r--p 0001c000 08:05 3810084                    /usr/lib/x86_64-linux-gnu/libpthread-2.31.so
7f43f20cf000-7f43f20d0000 rw-p 0001d000 08:05 3810084                    /usr/lib/x86_64-linux-gnu/libpthread-2.31.so
7f43f20d0000-7f43f20d4000 rw-p 00000000 00:00 0 
7f43f20d4000-7f43f20d5000 r--p 00000000 08:05 3809227                    /usr/lib/x86_64-linux-gnu/libdl-2.31.so
7f43f20d5000-7f43f20d7000 r-xp 00001000 08:05 3809227                    /usr/lib/x86_64-linux-gnu/libdl-2.31.so
7f43f20d7000-7f43f20d8000 r--p 00003000 08:05 3809227                    /usr/lib/x86_64-linux-gnu/libdl-2.31.so
7f43f20d8000-7f43f20d9000 r--p 00003000 08:05 3809227                    /usr/lib/x86_64-linux-gnu/libdl-2.31.so
7f43f20d9000-7f43f20da000 rw-p 00004000 08:05 3809227                    /usr/lib/x86_64-linux-gnu/libdl-2.31.so
7f43f20da000-7f43f20dc000 r--p 00000000 08:05 3810547                    /usr/lib/x86_64-linux-gnu/libz.so.1.2.11
7f43f20dc000-7f43f20ed000 r-xp 00002000 08:05 3810547                    /usr/lib/x86_64-linux-gnu/libz.so.1.2.11
7f43f20ed000-7f43f20f3000 r--p 00013000 08:05 3810547                    /usr/lib/x86_64-linux-gnu/libz.so.1.2.11
7f43f20f3000-7f43f20f4000 ---p 00019000 08:05 3810547                    /usr/lib/x86_64-linux-gnu/libz.so.1.2.11
7f43f20f4000-7f43f20f5000 r--p 00019000 08:05 3810547                    /usr/lib/x86_64-linux-gnu/libz.so.1.2.11
7f43f20f5000-7f43f20f6000 rw-p 0001a000 08:05 3810547                    /usr/lib/x86_64-linux-gnu/libz.so.1.2.11
7f43f20f6000-7f43f211b000 r--p 00000000 08:05 3809111                    /usr/lib/x86_64-linux-gnu/libc-2.31.so
7f43f211b000-7f43f2293000 r-xp 00025000 08:05 3809111                    /usr/lib/x86_64-linux-gnu/libc-2.31.so
7f43f2293000-7f43f22dd000 r--p 0019d000 08:05 3809111                    /usr/lib/x86_64-linux-gnu/libc-2.31.so
7f43f22dd000-7f43f22de000 ---p 001e7000 08:05 3809111                    /usr/lib/x86_64-linux-gnu/libc-2.31.so
7f43f22de000-7f43f22e1000 r--p 001e7000 08:05 3809111                    /usr/lib/x86_64-linux-gnu/libc-2.31.so
7f43f22e1000-7f43f22e4000 rw-p 001ea000 08:05 3809111                    /usr/lib/x86_64-linux-gnu/libc-2.31.so
7f43f22e4000-7f43f22e8000 rw-p 00000000 00:00 0 
7f43f22e9000-7f43f22eb000 r--p 00000000 08:05 3935911                    /usr/lib/jvm/java-11-openjdk-amd64/lib/libjimage.so
7f43f22eb000-7f43f22ee000 r-xp 00002000 08:05 3935911                    /usr/lib/jvm/java-11-openjdk-amd64/lib/libjimage.so
7f43f22ee000-7f43f22ef000 r--p 00005000 08:05 3935911                    /usr/lib/jvm/java-11-openjdk-amd64/lib/libjimage.so
7f43f22ef000-7f43f22f0000 ---p 00006000 08:05 3935911                    /usr/lib/jvm/java-11-openjdk-amd64/lib/libjimage.so
7f43f22f0000-7f43f22f1000 r--p 00006000 08:05 3935911                    /usr/lib/jvm/java-11-openjdk-amd64/lib/libjimage.so
7f43f22f1000-7f43f22f2000 rw-p 00007000 08:05 3935911                    /usr/lib/jvm/java-11-openjdk-amd64/lib/libjimage.so
7f43f22f2000-7f43f22f7000 r--p 00000000 08:05 3935927                    /usr/lib/jvm/java-11-openjdk-amd64/lib/libverify.so
7f43f22f7000-7f43f22fe000 r-xp 00005000 08:05 3935927                    /usr/lib/jvm/java-11-openjdk-amd64/lib/libverify.so
7f43f22fe000-7f43f2300000 r--p 0000c000 08:05 3935927                    /usr/lib/jvm/java-11-openjdk-amd64/lib/libverify.so
7f43f2300000-7f43f2301000 ---p 0000e000 08:05 3935927                    /usr/lib/jvm/java-11-openjdk-amd64/lib/libverify.so
7f43f2301000-7f43f2303000 r--p 0000e000 08:05 3935927                    /usr/lib/jvm/java-11-openjdk-amd64/lib/libverify.so
7f43f2303000-7f43f2304000 rw-p 00010000 08:05 3935927                    /usr/lib/jvm/java-11-openjdk-amd64/lib/libverify.so
7f43f2304000-7f43f2307000 r--p 00000000 08:05 3935891                    /usr/lib/jvm/java-11-openjdk-amd64/lib/jli/libjli.so
7f43f2307000-7f43f2311000 r-xp 00003000 08:05 3935891                    /usr/lib/jvm/java-11-openjdk-amd64/lib/jli/libjli.so
7f43f2311000-7f43f2314000 r--p 0000d000 08:05 3935891                    /usr/lib/jvm/java-11-openjdk-amd64/lib/jli/libjli.so
7f43f2314000-7f43f2315000 ---p 00010000 08:05 3935891                    /usr/lib/jvm/java-11-openjdk-amd64/lib/jli/libjli.so
7f43f2315000-7f43f2316000 r--p 00010000 08:05 3935891                    /usr/lib/jvm/java-11-openjdk-amd64/lib/jli/libjli.so
7f43f2316000-7f43f2317000 rw-p 00011000 08:05 3935891                    /usr/lib/jvm/java-11-openjdk-amd64/lib/jli/libjli.so
7f43f2317000-7f43f2319000 rw-p 00000000 00:00 0 
7f43f2319000-7f43f231a000 r--p 00000000 08:05 3808511                    /usr/lib/x86_64-linux-gnu/ld-2.31.so
7f43f231a000-7f43f233d000 r-xp 00001000 08:05 3808511                    /usr/lib/x86_64-linux-gnu/ld-2.31.so
7f43f233d000-7f43f2345000 r--p 00024000 08:05 3808511                    /usr/lib/x86_64-linux-gnu/ld-2.31.so
7f43f2346000-7f43f2347000 r--p 0002c000 08:05 3808511                    /usr/lib/x86_64-linux-gnu/ld-2.31.so
7f43f2347000-7f43f2348000 rw-p 0002d000 08:05 3808511                    /usr/lib/x86_64-linux-gnu/ld-2.31.so
7f43f2348000-7f43f2349000 rw-p 00000000 00:00 0 
7ffc3e27c000-7ffc3e29d000 rw-p 00000000 00:00 0                          [stack]
7ffc3e3a7000-7ffc3e3aa000 r--p 00000000 00:00 0                          [vvar]
7ffc3e3aa000-7ffc3e3ab000 r-xp 00000000 00:00 0                          [vdso]
ffffffffff600000-ffffffffff601000 --xp 00000000 00:00 0                  [vsyscall]


VM Arguments:
jvm_args: -agentlib:jdwp=transport=dt_socket,server=n,suspend=y,address=localhost:33845 -Dfile.encoding=UTF-8 
java_command: com.lanchonete.LanchoneteApplication
java_class_path (initial): /home/programador/wesleyxavier/git/lanchonete/target/classes:/root/.m2/repository/org/modelmapper/modelmapper/2.3.8/modelmapper-2.3.8.jar:/root/.m2/repository/org/springframework/boot/spring-boot-starter-validation/2.3.1.RELEASE/spring-boot-starter-validation-2.3.1.RELEASE.jar:/root/.m2/repository/org/springframework/boot/spring-boot-starter/2.3.1.RELEASE/spring-boot-starter-2.3.1.RELEASE.jar:/root/.m2/repository/org/springframework/boot/spring-boot-starter-logging/2.3.1.RELEASE/spring-boot-starter-logging-2.3.1.RELEASE.jar:/root/.m2/repository/ch/qos/logback/logback-classic/1.2.3/logback-classic-1.2.3.jar:/root/.m2/repository/ch/qos/logback/logback-core/1.2.3/logback-core-1.2.3.jar:/root/.m2/repository/org/apache/logging/log4j/log4j-to-slf4j/2.13.3/log4j-to-slf4j-2.13.3.jar:/root/.m2/repository/org/apache/logging/log4j/log4j-api/2.13.3/log4j-api-2.13.3.jar:/root/.m2/repository/org/slf4j/jul-to-slf4j/1.7.30/jul-to-slf4j-1.7.30.jar:/root/.m2/repository/jakarta/annotation/jakarta.annotation-api/1.3.5/jakarta.annotation-api-1.3.5.jar:/root/.m2/repository/org/yaml/snakeyaml/1.26/snakeyaml-1.26.jar:/root/.m2/repository/org/glassfish/jakarta.el/3.0.3/jakarta.el-3.0.3.jar:/root/.m2/repository/org/hibernate/validator/hibernate-validator/6.1.5.Final/hibernate-validator-6.1.5.Final.jar:/root/.m2/repository/jakarta/validation/jakarta.validation-api/2.0.2/jakarta.validation-api-2.0.2.jar:/root/.m2/repository/org/jboss/logging/jboss-logging/3.4.1.Final/jboss-logging-3.4.1.Final.jar:/root/.m2/repository/com/fasterxml/classmate/1.5.1/classmate-1.5.1.jar:/root/.m2/repository/org/springframework/boot/spring-boot-starter-data-jpa/2.3.1.RELEASE/spring-boot-starter-data-jpa-2.3.1.RELEASE.jar:/root/.m2/repository/org/springframework/boot/spring-boot-starter-aop/2.3.1.RELEASE/spring-boot-starter-aop-2.3.1.RELEASE.jar:/root/.m2/repository/org/springframework/spring-aop/5.2.7.RELEASE/spring-aop-5.2.7.RELEASE.jar:/root/.m2/repository/org/aspectj/aspectjweaver/1.
Launcher Type: SUN_STANDARD

[Global flags]
     intx CICompilerCount                          = 3                                         {product} {ergonomic}
     uint ConcGCThreads                            = 1                                         {product} {ergonomic}
     uint G1ConcRefinementThreads                  = 4                                         {product} {ergonomic}
   size_t G1HeapRegionSize                         = 1048576                                   {product} {ergonomic}
    uintx GCDrainStackTargetSize                   = 64                                        {product} {ergonomic}
   size_t InitialHeapSize                          = 195035136                                 {product} {ergonomic}
   size_t MarkStackSize                            = 4194304                                   {product} {ergonomic}
   size_t MaxHeapSize                              = 3107979264                                {product} {ergonomic}
   size_t MaxNewSize                               = 1864368128                                {product} {ergonomic}
   size_t MinHeapDeltaBytes                        = 1048576                                   {product} {ergonomic}
    uintx NonNMethodCodeHeapSize                   = 5830732                                {pd product} {ergonomic}
    uintx NonProfiledCodeHeapSize                  = 122913754                              {pd product} {ergonomic}
    uintx ProfiledCodeHeapSize                     = 122913754                              {pd product} {ergonomic}
    uintx ReservedCodeCacheSize                    = 251658240                              {pd product} {ergonomic}
     bool SegmentedCodeCache                       = true                                      {product} {ergonomic}
     bool UseCompressedClassPointers               = true                                 {lp64_product} {ergonomic}
     bool UseCompressedOops                        = true                                 {lp64_product} {ergonomic}
     bool UseG1GC                                  = true                                      {product} {ergonomic}

Logging:
Log output configuration:
 #0: stdout all=warning uptime,level,tags
 #1: stderr all=off uptime,level,tags

Environment Variables:
PATH=/usr/local/sbin:/usr/local/bin:/usr/sbin:/usr/bin:/sbin:/bin:/snap/bin
SHELL=/bin/bash
DISPLAY=:0
LANG=pt_BR.UTF-8

Signal Handlers:
SIGSEGV: [libjvm.so+0xd8e010], sa_mask[0]=11111111011111111101111111111110, sa_flags=SA_RESTART|SA_SIGINFO
SIGBUS: [libjvm.so+0xd8e010], sa_mask[0]=11111111011111111101111111111110, sa_flags=SA_RESTART|SA_SIGINFO
SIGFPE: [libjvm.so+0xd8e010], sa_mask[0]=11111111011111111101111111111110, sa_flags=SA_RESTART|SA_SIGINFO
SIGPIPE: [libjvm.so+0xb86b30], sa_mask[0]=11111111011111111101111111111110, sa_flags=SA_RESTART|SA_SIGINFO
SIGXFSZ: [libjvm.so+0xb86b30], sa_mask[0]=11111111011111111101111111111110, sa_flags=SA_RESTART|SA_SIGINFO
SIGILL: [libjvm.so+0xd8e010], sa_mask[0]=11111111011111111101111111111110, sa_flags=SA_RESTART|SA_SIGINFO
SIGUSR2: [libjvm.so+0xb869d0], sa_mask[0]=00000000000000000000000000000000, sa_flags=SA_RESTART|SA_SIGINFO
SIGHUP: [libjvm.so+0xb86e70], sa_mask[0]=11111111011111111101111111111110, sa_flags=SA_RESTART|SA_SIGINFO
SIGINT: [libjvm.so+0xb86e70], sa_mask[0]=11111111011111111101111111111110, sa_flags=SA_RESTART|SA_SIGINFO
SIGTERM: [libjvm.so+0xb86e70], sa_mask[0]=11111111011111111101111111111110, sa_flags=SA_RESTART|SA_SIGINFO
SIGQUIT: [libjvm.so+0xb86e70], sa_mask[0]=11111111011111111101111111111110, sa_flags=SA_RESTART|SA_SIGINFO


---------------  S Y S T E M  ---------------

OS:DISTRIB_ID=Ubuntu
DISTRIB_RELEASE=20.04
DISTRIB_CODENAME=focal
DISTRIB_DESCRIPTION="Ubuntu 20.04.1 LTS"
uname:Linux 5.4.0-42-generic #46-Ubuntu SMP Fri Jul 10 00:24:02 UTC 2020 x86_64
OS uptime: 0 days 0:56 hours
libc:glibc 2.31 NPTL 2.31 
rlimit (soft/hard): STACK 8192k/infinity , CORE 0k/infinity , NPROC 47073/47073 , NOFILE 1048576/1048576 , AS infinity/infinity , CPU infinity/infinity , DATA infinity/infinity , FSIZE infinity/infinity , MEMLOCK 65536k/65536k
load average:1,42 2,17 2,18

/proc/meminfo:
MemTotal:       12138388 kB
MemFree:          378504 kB
MemAvailable:    6445344 kB
Buffers:          448924 kB
Cached:          5927868 kB
SwapCached:            0 kB
Active:          6871872 kB
Inactive:        3924608 kB
Active(anon):    4601560 kB
Inactive(anon):   241304 kB
Active(file):    2270312 kB
Inactive(file):  3683304 kB
Unevictable:      253612 kB
Mlocked:              32 kB
SwapTotal:       2097148 kB
SwapFree:        2097148 kB
Dirty:               372 kB
Writeback:             0 kB
AnonPages:       4673092 kB
Mapped:          1063004 kB
Shmem:            504544 kB
KReclaimable:     433240 kB
Slab:             568484 kB
SReclaimable:     433240 kB
SUnreclaim:       135244 kB
KernelStack:       16808 kB
PageTables:        61588 kB
NFS_Unstable:          0 kB
Bounce:                0 kB
WritebackTmp:          0 kB
CommitLimit:     8166340 kB
Committed_AS:   13512032 kB
VmallocTotal:   34359738367 kB
VmallocUsed:       27540 kB
VmallocChunk:          0 kB
Percpu:             3712 kB
HardwareCorrupted:     0 kB
AnonHugePages:         0 kB
ShmemHugePages:        0 kB
ShmemPmdMapped:        0 kB
FileHugePages:         0 kB
FilePmdMapped:         0 kB
CmaTotal:              0 kB
CmaFree:               0 kB
HugePages_Total:       0
HugePages_Free:        0
HugePages_Rsvd:        0
HugePages_Surp:        0
Hugepagesize:       2048 kB
Hugetlb:               0 kB
DirectMap4k:      360516 kB
DirectMap2M:    11042816 kB
DirectMap1G:     2097152 kB

/sys/kernel/mm/transparent_hugepage/enabled:
always [madvise] never

/sys/kernel/mm/transparent_hugepage/defrag (defrag/compaction efforts parameter):
always defer defer+madvise [madvise] never


/proc/sys/kernel/threads-max (system-wide limit on the number of threads):
94147


/proc/sys/vm/max_map_count (maximum number of memory map areas a process may have):
65530


/proc/sys/kernel/pid_max (system-wide limit on number of process identifiers):
4194304



container (cgroup) information:
container_type: cgroupv1
cpu_cpuset_cpus: 0-3
cpu_memory_nodes: 0
active_processor_count: 4
cpu_quota: -1
cpu_period: 100000
cpu_shares: -1
memory_limit_in_bytes: -1
memory_and_swap_limit_in_bytes: -2
memory_soft_limit_in_bytes: -1
memory_usage_in_bytes: 7213809664
memory_max_usage_in_bytes: 7413923840

Steal ticks since vm start: 0
Steal ticks percentage since vm start:  0,000

CPU:total 4 (initial active 4) (2 cores per cpu, 2 threads per core) family 6 model 60 stepping 3, cmov, cx8, fxsr, mmx, sse, sse2, sse3, ssse3, sse4.1, sse4.2, popcnt, avx, avx2, aes, clmul, erms, lzcnt, ht, tsc, tscinvbit, bmi1, bmi2, fma
CPU Model and flags from /proc/cpuinfo:
model name	: Intel(R) Core(TM) i3-4160 CPU @ 3.60GHz
flags		: fpu vme de pse tsc msr pae mce cx8 apic sep mtrr pge mca cmov pat pse36 clflush dts acpi mmx fxsr sse sse2 ss ht tm pbe syscall nx pdpe1gb rdtscp lm constant_tsc arch_perfmon pebs bts rep_good nopl xtopology nonstop_tsc cpuid aperfmperf pni pclmulqdq dtes64 monitor ds_cpl vmx est tm2 ssse3 sdbg fma cx16 xtpr pdcm pcid sse4_1 sse4_2 movbe popcnt tsc_deadline_timer aes xsave avx f16c rdrand lahf_lm abm cpuid_fault epb invpcid_single pti ssbd ibrs ibpb stibp tpr_shadow vnmi flexpriority ept vpid ept_ad fsgsbase tsc_adjust bmi1 avx2 smep bmi2 erms invpcid xsaveopt dtherm arat pln pts md_clear flush_l1d

Memory: 4k page, physical 12138388k(378504k free), swap 2097148k(2097148k free)

vm_info: OpenJDK 64-Bit Server VM (11.0.8+10-post-Ubuntu-0ubuntu120.04) for linux-amd64 JRE (11.0.8+10-post-Ubuntu-0ubuntu120.04), built on Jul 15 2020 20:45:24 by "unknown" with gcc 9.3.0

END.
